mode: set
github.com/Layer9Berlin/pipedream/src/custom/math/min_max_int.go:4.31,5.11 1 1
github.com/Layer9Berlin/pipedream/src/custom/math/min_max_int.go:8.2,8.10 1 1
github.com/Layer9Berlin/pipedream/src/custom/math/min_max_int.go:5.11,7.3 1 1
github.com/Layer9Berlin/pipedream/src/custom/math/min_max_int.go:11.31,12.11 1 1
github.com/Layer9Berlin/pipedream/src/custom/math/min_max_int.go:15.2,15.10 1 1
github.com/Layer9Berlin/pipedream/src/custom/math/min_max_int.go:12.11,14.3 1 1
github.com/Layer9Berlin/pipedream/src/custom/filepath/filepath.go:8.65,9.32 1 1
github.com/Layer9Berlin/pipedream/src/custom/filepath/filepath.go:12.2,12.49 1 1
github.com/Layer9Berlin/pipedream/src/custom/filepath/filepath.go:9.32,11.3 1 1
github.com/Layer9Berlin/pipedream/src/custom/evaluate/evaluate.go:10.51,12.16 2 1
github.com/Layer9Berlin/pipedream/src/custom/evaluate/evaluate.go:17.2,18.16 2 1
github.com/Layer9Berlin/pipedream/src/custom/evaluate/evaluate.go:22.2,23.9 2 1
github.com/Layer9Berlin/pipedream/src/custom/evaluate/evaluate.go:27.2,27.30 1 1
github.com/Layer9Berlin/pipedream/src/custom/evaluate/evaluate.go:12.16,14.3 1 1
github.com/Layer9Berlin/pipedream/src/custom/evaluate/evaluate.go:18.16,20.3 1 1
github.com/Layer9Berlin/pipedream/src/custom/evaluate/evaluate.go:23.9,25.3 1 1
github.com/Layer9Berlin/pipedream/src/custom/strings/quoter.go:8.56,9.19 1 1
github.com/Layer9Berlin/pipedream/src/custom/strings/quoter.go:10.16,11.77 1 1
github.com/Layer9Berlin/pipedream/src/custom/strings/quoter.go:12.14,13.15 1 1
github.com/Layer9Berlin/pipedream/src/custom/strings/quoter.go:14.10,15.79 1 1
github.com/Layer9Berlin/pipedream/src/custom/strings/string_formatter.go:9.51,10.22 1 1
github.com/Layer9Berlin/pipedream/src/custom/strings/string_formatter.go:13.2,15.86 3 1
github.com/Layer9Berlin/pipedream/src/custom/strings/string_formatter.go:10.22,12.3 1 1
github.com/Layer9Berlin/pipedream/src/custom/strings/string_formatter.go:18.54,26.2 7 1
github.com/Layer9Berlin/pipedream/src/custom/stringmap/stringmap.go:11.44,12.21 1 1
github.com/Layer9Berlin/pipedream/src/custom/stringmap/stringmap.go:15.2,16.51 2 1
github.com/Layer9Berlin/pipedream/src/custom/stringmap/stringmap.go:19.2,19.15 1 1
github.com/Layer9Berlin/pipedream/src/custom/stringmap/stringmap.go:12.21,14.3 1 1
github.com/Layer9Berlin/pipedream/src/custom/stringmap/stringmap.go:16.51,18.3 1 1
github.com/Layer9Berlin/pipedream/src/custom/stringmap/stringmap.go:22.47,23.18 1 1
github.com/Layer9Berlin/pipedream/src/custom/stringmap/stringmap.go:26.2,26.36 1 1
github.com/Layer9Berlin/pipedream/src/custom/stringmap/stringmap.go:23.18,25.3 1 1
github.com/Layer9Berlin/pipedream/src/custom/stringmap/stringmap.go:27.17,29.47 2 1
github.com/Layer9Berlin/pipedream/src/custom/stringmap/stringmap.go:32.3,32.16 1 1
github.com/Layer9Berlin/pipedream/src/custom/stringmap/stringmap.go:33.21,35.39 2 1
github.com/Layer9Berlin/pipedream/src/custom/stringmap/stringmap.go:38.3,38.16 1 1
github.com/Layer9Berlin/pipedream/src/custom/stringmap/stringmap.go:39.35,41.47 2 0
github.com/Layer9Berlin/pipedream/src/custom/stringmap/stringmap.go:44.3,44.16 1 0
github.com/Layer9Berlin/pipedream/src/custom/stringmap/stringmap.go:45.10,46.15 1 1
github.com/Layer9Berlin/pipedream/src/custom/stringmap/stringmap.go:29.47,31.4 1 1
github.com/Layer9Berlin/pipedream/src/custom/stringmap/stringmap.go:35.39,37.4 1 1
github.com/Layer9Berlin/pipedream/src/custom/stringmap/stringmap.go:41.47,43.4 1 0
github.com/Layer9Berlin/pipedream/src/custom/stringmap/stringmap.go:55.64,56.39 1 1
github.com/Layer9Berlin/pipedream/src/custom/stringmap/stringmap.go:59.2,60.51 2 1
github.com/Layer9Berlin/pipedream/src/custom/stringmap/stringmap.go:84.2,84.22 1 1
github.com/Layer9Berlin/pipedream/src/custom/stringmap/stringmap.go:87.2,87.31 1 1
github.com/Layer9Berlin/pipedream/src/custom/stringmap/stringmap.go:56.39,58.3 1 1
github.com/Layer9Berlin/pipedream/src/custom/stringmap/stringmap.go:60.51,62.24 2 1
github.com/Layer9Berlin/pipedream/src/custom/stringmap/stringmap.go:62.24,65.32 3 1
github.com/Layer9Berlin/pipedream/src/custom/stringmap/stringmap.go:65.32,66.33 1 1
github.com/Layer9Berlin/pipedream/src/custom/stringmap/stringmap.go:66.33,68.6 1 1
github.com/Layer9Berlin/pipedream/src/custom/stringmap/stringmap.go:68.11,70.6 1 1
github.com/Layer9Berlin/pipedream/src/custom/stringmap/stringmap.go:71.10,72.33 1 1
github.com/Layer9Berlin/pipedream/src/custom/stringmap/stringmap.go:72.33,74.6 1 1
github.com/Layer9Berlin/pipedream/src/custom/stringmap/stringmap.go:80.9,82.4 1 1
github.com/Layer9Berlin/pipedream/src/custom/stringmap/stringmap.go:84.22,86.3 1 1
github.com/Layer9Berlin/pipedream/src/custom/stringmap/stringmap.go:90.93,93.23 3 1
github.com/Layer9Berlin/pipedream/src/custom/stringmap/stringmap.go:93.23,94.27 1 1
github.com/Layer9Berlin/pipedream/src/custom/stringmap/stringmap.go:94.27,96.4 1 1
github.com/Layer9Berlin/pipedream/src/custom/stringmap/stringmap.go:96.9,98.21 2 1
github.com/Layer9Berlin/pipedream/src/custom/stringmap/stringmap.go:98.21,100.5 1 1
github.com/Layer9Berlin/pipedream/src/custom/stringmap/stringmap.go:100.10,102.5 1 1
github.com/Layer9Berlin/pipedream/src/custom/stringmap/stringmap.go:104.8,106.3 1 1
github.com/Layer9Berlin/pipedream/src/custom/stringmap/stringmap.go:109.97,112.20 3 1
github.com/Layer9Berlin/pipedream/src/custom/stringmap/stringmap.go:116.2,116.26 1 1
github.com/Layer9Berlin/pipedream/src/custom/stringmap/stringmap.go:112.20,115.3 2 1
github.com/Layer9Berlin/pipedream/src/custom/stringmap/stringmap.go:116.26,119.3 2 1
github.com/Layer9Berlin/pipedream/src/custom/stringmap/stringmap.go:119.8,121.20 2 1
github.com/Layer9Berlin/pipedream/src/custom/stringmap/stringmap.go:121.20,123.4 1 1
github.com/Layer9Berlin/pipedream/src/custom/stringmap/stringmap.go:123.9,125.4 1 1
github.com/Layer9Berlin/pipedream/src/custom/io/duplicate_reader.go:7.108,11.12 4 1
github.com/Layer9Berlin/pipedream/src/custom/io/duplicate_reader.go:22.2,22.34 1 1
github.com/Layer9Berlin/pipedream/src/custom/io/duplicate_reader.go:11.12,13.17 2 1
github.com/Layer9Berlin/pipedream/src/custom/io/duplicate_reader.go:13.17,17.4 3 1
github.com/Layer9Berlin/pipedream/src/custom/io/duplicate_reader.go:17.9,20.4 2 1
github.com/Layer9Berlin/pipedream/src/custom/io/bell_skipper.go:11.67,13.2 1 0
github.com/Layer9Berlin/pipedream/src/custom/io/bell_skipper.go:15.58,17.37 2 0
github.com/Layer9Berlin/pipedream/src/custom/io/bell_skipper.go:20.2,20.36 1 0
github.com/Layer9Berlin/pipedream/src/custom/io/bell_skipper.go:17.37,19.3 1 0
github.com/Layer9Berlin/pipedream/src/custom/io/bell_skipper.go:23.43,25.2 1 0
github.com/Layer9Berlin/pipedream/src/custom/io/continuous_reader.go:7.66,11.2 1 1
github.com/Layer9Berlin/pipedream/src/custom/io/continuous_reader.go:17.60,19.25 2 1
github.com/Layer9Berlin/pipedream/src/custom/io/continuous_reader.go:22.2,22.15 1 1
github.com/Layer9Berlin/pipedream/src/custom/io/continuous_reader.go:19.25,21.3 1 1
github.com/Layer9Berlin/pipedream/src/datastream/datastream.go:25.91,45.2 4 1
github.com/Layer9Berlin/pipedream/src/datastream/datastream.go:47.90,57.2 2 0
github.com/Layer9Berlin/pipedream/src/datastream/datastream.go:59.45,62.19 3 1
github.com/Layer9Berlin/pipedream/src/datastream/datastream.go:65.2,68.12 2 1
github.com/Layer9Berlin/pipedream/src/datastream/datastream.go:75.2,75.12 1 1
github.com/Layer9Berlin/pipedream/src/datastream/datastream.go:62.19,64.3 1 1
github.com/Layer9Berlin/pipedream/src/datastream/datastream.go:68.12,71.17 2 1
github.com/Layer9Berlin/pipedream/src/datastream/datastream.go:71.17,73.4 1 0
github.com/Layer9Berlin/pipedream/src/datastream/datastream.go:75.12,78.17 3 1
github.com/Layer9Berlin/pipedream/src/datastream/datastream.go:89.3,89.26 1 1
github.com/Layer9Berlin/pipedream/src/datastream/datastream.go:78.17,79.46 1 0
github.com/Layer9Berlin/pipedream/src/datastream/datastream.go:79.46,80.51 1 0
github.com/Layer9Berlin/pipedream/src/datastream/datastream.go:80.52,82.6 0 0
github.com/Layer9Berlin/pipedream/src/datastream/datastream.go:82.11,84.6 1 0
github.com/Layer9Berlin/pipedream/src/datastream/datastream.go:85.10,87.5 1 0
github.com/Layer9Berlin/pipedream/src/datastream/datastream.go:95.51,97.2 1 1
github.com/Layer9Berlin/pipedream/src/datastream/datastream.go:99.44,101.2 1 1
github.com/Layer9Berlin/pipedream/src/datastream/datastream.go:103.54,105.2 1 1
github.com/Layer9Berlin/pipedream/src/datastream/datastream.go:107.53,109.2 1 1
github.com/Layer9Berlin/pipedream/src/datastream/datastream.go:111.52,113.2 1 1
github.com/Layer9Berlin/pipedream/src/datastream/datastream.go:115.47,117.2 1 0
github.com/Layer9Berlin/pipedream/src/datastream/intercept.go:13.137,19.2 1 1
github.com/Layer9Berlin/pipedream/src/datastream/intercept.go:21.77,23.2 1 1
github.com/Layer9Berlin/pipedream/src/datastream/intercept.go:25.78,27.2 1 1
github.com/Layer9Berlin/pipedream/src/datastream/intercept.go:29.63,31.2 1 1
github.com/Layer9Berlin/pipedream/src/datastream/processing.go:11.62,12.19 1 0
github.com/Layer9Berlin/pipedream/src/datastream/processing.go:12.19,14.3 1 0
github.com/Layer9Berlin/pipedream/src/datastream/processing.go:14.8,18.3 3 0
github.com/Layer9Berlin/pipedream/src/datastream/processing.go:21.54,22.19 1 1
github.com/Layer9Berlin/pipedream/src/datastream/processing.go:22.19,25.3 2 1
github.com/Layer9Berlin/pipedream/src/datastream/processing.go:25.8,29.3 3 1
github.com/Layer9Berlin/pipedream/src/datastream/processing.go:32.68,33.19 1 1
github.com/Layer9Berlin/pipedream/src/datastream/processing.go:33.19,36.3 2 1
github.com/Layer9Berlin/pipedream/src/datastream/processing.go:36.8,41.3 4 1
github.com/Layer9Berlin/pipedream/src/datastream/processing.go:44.68,45.19 1 1
github.com/Layer9Berlin/pipedream/src/datastream/processing.go:45.19,47.3 1 1
github.com/Layer9Berlin/pipedream/src/datastream/processing.go:47.8,49.13 2 1
github.com/Layer9Berlin/pipedream/src/datastream/processing.go:49.13,52.18 3 1
github.com/Layer9Berlin/pipedream/src/datastream/processing.go:55.4,55.25 1 1
github.com/Layer9Berlin/pipedream/src/datastream/processing.go:52.18,54.5 1 1
github.com/Layer9Berlin/pipedream/src/datastream/processing.go:60.63,61.19 1 1
github.com/Layer9Berlin/pipedream/src/datastream/processing.go:61.19,63.3 1 1
github.com/Layer9Berlin/pipedream/src/datastream/processing.go:63.8,65.13 2 1
github.com/Layer9Berlin/pipedream/src/datastream/processing.go:71.3,71.13 1 1
github.com/Layer9Berlin/pipedream/src/datastream/processing.go:65.13,70.4 1 1
github.com/Layer9Berlin/pipedream/src/datastream/processing.go:71.13,73.18 2 1
github.com/Layer9Berlin/pipedream/src/datastream/processing.go:76.4,76.25 1 1
github.com/Layer9Berlin/pipedream/src/datastream/processing.go:73.18,75.5 1 1
github.com/Layer9Berlin/pipedream/src/datastream/processing.go:81.72,82.19 1 1
github.com/Layer9Berlin/pipedream/src/datastream/processing.go:82.19,84.3 1 1
github.com/Layer9Berlin/pipedream/src/datastream/processing.go:84.8,86.3 1 1
github.com/Layer9Berlin/pipedream/src/datastream/processing.go:89.66,90.19 1 1
github.com/Layer9Berlin/pipedream/src/datastream/processing.go:90.19,93.3 2 1
github.com/Layer9Berlin/pipedream/src/datastream/processing.go:93.8,97.3 3 1
github.com/Layer9Berlin/pipedream/src/logging/setup.go:8.75,10.21 2 1
github.com/Layer9Berlin/pipedream/src/logging/setup.go:13.2,14.16 2 1
github.com/Layer9Berlin/pipedream/src/logging/setup.go:17.2,22.18 4 1
github.com/Layer9Berlin/pipedream/src/logging/setup.go:33.2,35.12 3 1
github.com/Layer9Berlin/pipedream/src/logging/setup.go:10.21,12.3 1 1
github.com/Layer9Berlin/pipedream/src/logging/setup.go:14.16,16.3 1 1
github.com/Layer9Berlin/pipedream/src/logging/setup.go:23.25,24.39 1 1
github.com/Layer9Berlin/pipedream/src/logging/setup.go:25.24,26.39 1 1
github.com/Layer9Berlin/pipedream/src/logging/setup.go:27.24,28.38 1 1
github.com/Layer9Berlin/pipedream/src/logging/setup.go:29.25,30.38 1 1
github.com/Layer9Berlin/pipedream/src/logging/setup.go:31.10,31.10 0 1
github.com/Layer9Berlin/pipedream/src/logging/log_counter.go:10.74,15.2 1 1
github.com/Layer9Berlin/pipedream/src/logging/log_counter.go:17.62,20.2 2 1
github.com/Layer9Berlin/pipedream/src/logging/log_counter.go:22.60,24.2 1 1
github.com/Layer9Berlin/pipedream/src/logging/logger.go:20.78,21.49 1 1
github.com/Layer9Berlin/pipedream/src/logging/logger.go:28.2,29.9 2 1
github.com/Layer9Berlin/pipedream/src/logging/logger.go:33.2,41.28 2 1
github.com/Layer9Berlin/pipedream/src/logging/logger.go:21.49,22.48 1 1
github.com/Layer9Berlin/pipedream/src/logging/logger.go:22.48,25.4 2 1
github.com/Layer9Berlin/pipedream/src/logging/logger.go:29.9,31.3 1 1
github.com/Layer9Berlin/pipedream/src/logging/logger.go:44.69,46.25 2 1
github.com/Layer9Berlin/pipedream/src/logging/logger.go:66.2,66.21 1 1
github.com/Layer9Berlin/pipedream/src/logging/logger.go:78.2,78.28 1 1
github.com/Layer9Berlin/pipedream/src/logging/logger.go:46.25,47.24 1 1
github.com/Layer9Berlin/pipedream/src/logging/logger.go:48.14,49.42 1 1
github.com/Layer9Berlin/pipedream/src/logging/logger.go:50.17,51.45 1 1
github.com/Layer9Berlin/pipedream/src/logging/logger.go:52.15,53.43 1 1
github.com/Layer9Berlin/pipedream/src/logging/logger.go:54.15,55.43 1 1
github.com/Layer9Berlin/pipedream/src/logging/logger.go:56.16,57.44 1 1
github.com/Layer9Berlin/pipedream/src/logging/logger.go:58.33,59.47 1 1
github.com/Layer9Berlin/pipedream/src/logging/logger.go:60.23,61.47 1 1
github.com/Layer9Berlin/pipedream/src/logging/logger.go:62.16,63.44 1 0
github.com/Layer9Berlin/pipedream/src/logging/logger.go:67.25,68.41 1 1
github.com/Layer9Berlin/pipedream/src/logging/logger.go:69.24,70.44 1 1
github.com/Layer9Berlin/pipedream/src/logging/logger.go:71.24,72.42 1 1
github.com/Layer9Berlin/pipedream/src/logging/logger.go:73.25,74.46 1 1
github.com/Layer9Berlin/pipedream/src/logging/logger.go:75.25,76.46 1 1
github.com/Layer9Berlin/pipedream/src/logging/logger.go:81.59,83.8 2 1
github.com/Layer9Berlin/pipedream/src/logging/logger.go:90.2,90.11 1 1
github.com/Layer9Berlin/pipedream/src/logging/logger.go:83.8,85.39 2 1
github.com/Layer9Berlin/pipedream/src/logging/logger.go:88.3,88.40 1 1
github.com/Layer9Berlin/pipedream/src/logging/logger.go:85.39,87.4 1 0
github.com/Layer9Berlin/pipedream/src/logging/logger.go:93.64,95.27 2 1
github.com/Layer9Berlin/pipedream/src/logging/logger.go:105.2,105.36 1 1
github.com/Layer9Berlin/pipedream/src/logging/logger.go:95.27,97.9 2 1
github.com/Layer9Berlin/pipedream/src/logging/logger.go:97.9,99.40 2 1
github.com/Layer9Berlin/pipedream/src/logging/logger.go:102.4,102.59 1 1
github.com/Layer9Berlin/pipedream/src/logging/logger.go:99.40,101.5 1 1
github.com/Layer9Berlin/pipedream/src/logging/logger.go:108.58,110.8 2 1
github.com/Layer9Berlin/pipedream/src/logging/logger.go:113.2,114.8 2 1
github.com/Layer9Berlin/pipedream/src/logging/logger.go:117.2,118.17 2 1
github.com/Layer9Berlin/pipedream/src/logging/logger.go:121.2,121.45 1 1
github.com/Layer9Berlin/pipedream/src/logging/logger.go:110.8,112.3 1 1
github.com/Layer9Berlin/pipedream/src/logging/logger.go:114.8,116.3 1 1
github.com/Layer9Berlin/pipedream/src/logging/logger.go:118.17,120.3 1 1
github.com/Layer9Berlin/pipedream/src/logging/logger.go:124.68,125.40 1 1
github.com/Layer9Berlin/pipedream/src/logging/logger.go:128.2,128.67 1 1
github.com/Layer9Berlin/pipedream/src/logging/logger.go:125.40,127.3 1 1
github.com/Layer9Berlin/pipedream/src/logging/logger.go:131.78,132.25 1 1
github.com/Layer9Berlin/pipedream/src/logging/logger.go:152.2,152.11 1 1
github.com/Layer9Berlin/pipedream/src/logging/logger.go:132.25,134.29 2 1
github.com/Layer9Berlin/pipedream/src/logging/logger.go:137.3,139.28 3 1
github.com/Layer9Berlin/pipedream/src/logging/logger.go:149.3,150.16 2 1
github.com/Layer9Berlin/pipedream/src/logging/logger.go:134.29,136.4 1 1
github.com/Layer9Berlin/pipedream/src/logging/logger.go:139.28,141.10 2 1
github.com/Layer9Berlin/pipedream/src/logging/logger.go:141.10,142.24 1 1
github.com/Layer9Berlin/pipedream/src/logging/logger.go:145.5,146.134 2 1
github.com/Layer9Berlin/pipedream/src/logging/logger.go:142.24,144.6 1 1
github.com/Layer9Berlin/pipedream/src/logging/logger.go:155.64,158.36 3 1
github.com/Layer9Berlin/pipedream/src/logging/logger.go:161.2,161.22 1 1
github.com/Layer9Berlin/pipedream/src/logging/logger.go:158.36,160.3 1 1
github.com/Layer9Berlin/pipedream/src/logging/fields/fields.go:11.49,12.49 1 1
github.com/Layer9Berlin/pipedream/src/logging/fields/fields.go:12.49,14.3 1 1
github.com/Layer9Berlin/pipedream/src/logging/fields/fields.go:17.43,18.49 1 1
github.com/Layer9Berlin/pipedream/src/logging/fields/fields.go:18.49,20.3 1 1
github.com/Layer9Berlin/pipedream/src/logging/fields/fields.go:23.42,24.49 1 1
github.com/Layer9Berlin/pipedream/src/logging/fields/fields.go:24.49,26.3 1 1
github.com/Layer9Berlin/pipedream/src/logging/fields/fields.go:29.40,30.49 1 1
github.com/Layer9Berlin/pipedream/src/logging/fields/fields.go:30.49,32.3 1 1
github.com/Layer9Berlin/pipedream/src/logging/fields/fields.go:35.41,36.49 1 0
github.com/Layer9Berlin/pipedream/src/logging/fields/fields.go:36.49,38.3 1 0
github.com/Layer9Berlin/pipedream/src/logging/fields/fields.go:41.55,42.49 1 1
github.com/Layer9Berlin/pipedream/src/logging/fields/fields.go:42.49,44.3 1 1
github.com/Layer9Berlin/pipedream/src/logging/fields/fields.go:47.49,48.49 1 1
github.com/Layer9Berlin/pipedream/src/logging/fields/fields.go:48.49,50.3 1 1
github.com/Layer9Berlin/pipedream/src/logging/fields/fields.go:53.49,54.49 1 1
github.com/Layer9Berlin/pipedream/src/logging/fields/fields.go:54.49,56.3 1 1
github.com/Layer9Berlin/pipedream/src/logging/fields/fields.go:59.73,66.2 1 1
github.com/Layer9Berlin/pipedream/src/logging/fields/fields.go:68.61,70.35 2 1
github.com/Layer9Berlin/pipedream/src/logging/fields/fields.go:73.2,73.14 1 1
github.com/Layer9Berlin/pipedream/src/logging/fields/fields.go:70.35,72.3 1 1
github.com/Layer9Berlin/pipedream/src/middleware/execution_context.go:29.48,30.50 1 0
github.com/Layer9Berlin/pipedream/src/middleware/execution_context.go:30.50,32.3 1 0
github.com/Layer9Berlin/pipedream/src/middleware/execution_context.go:71.79,77.63 2 1
github.com/Layer9Berlin/pipedream/src/middleware/execution_context.go:80.2,80.33 1 1
github.com/Layer9Berlin/pipedream/src/middleware/execution_context.go:83.2,83.25 1 1
github.com/Layer9Berlin/pipedream/src/middleware/execution_context.go:77.63,79.3 1 1
github.com/Layer9Berlin/pipedream/src/middleware/execution_context.go:80.33,82.3 1 1
github.com/Layer9Berlin/pipedream/src/middleware/execution_context.go:86.61,88.44 2 1
github.com/Layer9Berlin/pipedream/src/middleware/execution_context.go:91.2,91.25 1 1
github.com/Layer9Berlin/pipedream/src/middleware/execution_context.go:88.44,90.3 1 1
github.com/Layer9Berlin/pipedream/src/middleware/execution_context.go:94.91,96.33 2 1
github.com/Layer9Berlin/pipedream/src/middleware/execution_context.go:99.2,100.42 2 1
github.com/Layer9Berlin/pipedream/src/middleware/execution_context.go:105.2,106.16 2 1
github.com/Layer9Berlin/pipedream/src/middleware/execution_context.go:109.2,109.50 1 1
github.com/Layer9Berlin/pipedream/src/middleware/execution_context.go:112.2,112.33 1 1
github.com/Layer9Berlin/pipedream/src/middleware/execution_context.go:147.2,153.68 2 1
github.com/Layer9Berlin/pipedream/src/middleware/execution_context.go:156.2,157.35 2 1
github.com/Layer9Berlin/pipedream/src/middleware/execution_context.go:160.2,161.36 2 1
github.com/Layer9Berlin/pipedream/src/middleware/execution_context.go:165.2,168.12 3 1
github.com/Layer9Berlin/pipedream/src/middleware/execution_context.go:178.2,179.12 2 1
github.com/Layer9Berlin/pipedream/src/middleware/execution_context.go:192.2,193.12 2 1
github.com/Layer9Berlin/pipedream/src/middleware/execution_context.go:206.2,207.20 2 1
github.com/Layer9Berlin/pipedream/src/middleware/execution_context.go:96.33,98.3 1 1
github.com/Layer9Berlin/pipedream/src/middleware/execution_context.go:100.42,101.146 1 1
github.com/Layer9Berlin/pipedream/src/middleware/execution_context.go:101.146,103.4 1 1
github.com/Layer9Berlin/pipedream/src/middleware/execution_context.go:106.16,107.62 1 1
github.com/Layer9Berlin/pipedream/src/middleware/execution_context.go:109.50,111.3 1 0
github.com/Layer9Berlin/pipedream/src/middleware/execution_context.go:112.33,113.34 1 1
github.com/Layer9Berlin/pipedream/src/middleware/execution_context.go:113.34,121.4 2 0
github.com/Layer9Berlin/pipedream/src/middleware/execution_context.go:122.8,123.51 1 0
github.com/Layer9Berlin/pipedream/src/middleware/execution_context.go:123.51,133.14 3 0
github.com/Layer9Berlin/pipedream/src/middleware/execution_context.go:133.14,138.5 4 0
github.com/Layer9Berlin/pipedream/src/middleware/execution_context.go:139.9,140.14 1 0
github.com/Layer9Berlin/pipedream/src/middleware/execution_context.go:140.14,144.5 3 0
github.com/Layer9Berlin/pipedream/src/middleware/execution_context.go:153.68,155.3 1 1
github.com/Layer9Berlin/pipedream/src/middleware/execution_context.go:157.35,159.3 1 1
github.com/Layer9Berlin/pipedream/src/middleware/execution_context.go:161.36,163.3 1 0
github.com/Layer9Berlin/pipedream/src/middleware/execution_context.go:168.12,172.22 2 1
github.com/Layer9Berlin/pipedream/src/middleware/execution_context.go:176.3,176.41 1 1
github.com/Layer9Berlin/pipedream/src/middleware/execution_context.go:172.22,174.4 1 0
github.com/Layer9Berlin/pipedream/src/middleware/execution_context.go:179.12,182.21 3 1
github.com/Layer9Berlin/pipedream/src/middleware/execution_context.go:190.3,190.41 1 1
github.com/Layer9Berlin/pipedream/src/middleware/execution_context.go:182.21,189.4 1 0
github.com/Layer9Berlin/pipedream/src/middleware/execution_context.go:193.12,196.22 3 1
github.com/Layer9Berlin/pipedream/src/middleware/execution_context.go:204.3,204.41 1 1
github.com/Layer9Berlin/pipedream/src/middleware/execution_context.go:196.22,203.4 1 0
github.com/Layer9Berlin/pipedream/src/middleware/execution_context.go:210.99,211.54 1 1
github.com/Layer9Berlin/pipedream/src/middleware/execution_context.go:216.2,216.42 1 1
github.com/Layer9Berlin/pipedream/src/middleware/execution_context.go:211.54,212.28 1 1
github.com/Layer9Berlin/pipedream/src/middleware/execution_context.go:212.28,214.4 1 1
github.com/Layer9Berlin/pipedream/src/middleware/execution_context.go:219.162,221.9 2 1
github.com/Layer9Berlin/pipedream/src/middleware/execution_context.go:227.2,229.41 3 1
github.com/Layer9Berlin/pipedream/src/middleware/execution_context.go:240.2,240.29 1 1
github.com/Layer9Berlin/pipedream/src/middleware/execution_context.go:245.2,245.19 1 1
github.com/Layer9Berlin/pipedream/src/middleware/execution_context.go:221.9,223.3 1 1
github.com/Layer9Berlin/pipedream/src/middleware/execution_context.go:229.41,232.64 2 1
github.com/Layer9Berlin/pipedream/src/middleware/execution_context.go:232.64,234.4 1 1
github.com/Layer9Berlin/pipedream/src/middleware/execution_context.go:234.9,234.58 1 1
github.com/Layer9Berlin/pipedream/src/middleware/execution_context.go:234.58,236.4 1 1
github.com/Layer9Berlin/pipedream/src/middleware/execution_context.go:236.9,236.60 1 1
github.com/Layer9Berlin/pipedream/src/middleware/execution_context.go:236.60,238.4 1 1
github.com/Layer9Berlin/pipedream/src/middleware/execution_context.go:240.29,242.3 1 1
github.com/Layer9Berlin/pipedream/src/middleware/execution_context.go:242.8,242.37 1 1
github.com/Layer9Berlin/pipedream/src/middleware/execution_context.go:242.37,244.3 1 1
github.com/Layer9Berlin/pipedream/src/middleware/execution_context.go:251.3,252.58 1 1
github.com/Layer9Berlin/pipedream/src/middleware/execution_context.go:252.58,254.67 2 1
github.com/Layer9Berlin/pipedream/src/middleware/execution_context.go:254.67,256.4 1 1
github.com/Layer9Berlin/pipedream/src/middleware/execution_context.go:260.126,264.28 3 1
github.com/Layer9Berlin/pipedream/src/middleware/execution_context.go:270.2,270.12 1 1
github.com/Layer9Berlin/pipedream/src/middleware/execution_context.go:273.2,276.53 3 1
github.com/Layer9Berlin/pipedream/src/middleware/execution_context.go:264.28,266.17 2 0
github.com/Layer9Berlin/pipedream/src/middleware/execution_context.go:266.17,268.4 1 0
github.com/Layer9Berlin/pipedream/src/middleware/execution_context.go:270.12,272.3 1 1
github.com/Layer9Berlin/pipedream/src/middleware/execution_context.go:279.79,283.16 3 1
github.com/Layer9Berlin/pipedream/src/middleware/execution_context.go:287.2,288.16 2 1
github.com/Layer9Berlin/pipedream/src/middleware/execution_context.go:292.2,293.16 2 1
github.com/Layer9Berlin/pipedream/src/middleware/execution_context.go:297.2,298.16 2 1
github.com/Layer9Berlin/pipedream/src/middleware/execution_context.go:301.2,304.16 3 1
github.com/Layer9Berlin/pipedream/src/middleware/execution_context.go:308.2,313.12 5 1
github.com/Layer9Berlin/pipedream/src/middleware/execution_context.go:283.16,285.3 1 1
github.com/Layer9Berlin/pipedream/src/middleware/execution_context.go:288.16,290.3 1 1
github.com/Layer9Berlin/pipedream/src/middleware/execution_context.go:293.16,295.3 1 1
github.com/Layer9Berlin/pipedream/src/middleware/execution_context.go:298.16,300.3 1 1
github.com/Layer9Berlin/pipedream/src/middleware/execution_context.go:304.16,306.3 1 1
github.com/Layer9Berlin/pipedream/src/middleware/execution_context.go:323.24,333.2 2 0
github.com/Layer9Berlin/pipedream/src/middleware/execution_context.go:335.41,338.12 3 1
github.com/Layer9Berlin/pipedream/src/middleware/execution_context.go:338.12,344.3 5 1
github.com/Layer9Berlin/pipedream/src/middleware/execution_context.go:347.58,349.44 2 0
github.com/Layer9Berlin/pipedream/src/middleware/execution_context.go:354.2,354.25 1 0
github.com/Layer9Berlin/pipedream/src/middleware/execution_context.go:349.44,350.23 1 0
github.com/Layer9Berlin/pipedream/src/middleware/execution_context.go:350.23,352.4 1 0
github.com/Layer9Berlin/pipedream/src/middleware/execution_context_option.go:11.94,12.50 1 0
github.com/Layer9Berlin/pipedream/src/middleware/execution_context_option.go:12.50,14.3 1 0
github.com/Layer9Berlin/pipedream/src/middleware/execution_context_option.go:17.99,18.50 1 1
github.com/Layer9Berlin/pipedream/src/middleware/execution_context_option.go:18.50,20.3 1 1
github.com/Layer9Berlin/pipedream/src/middleware/execution_context_option.go:23.65,24.50 1 0
github.com/Layer9Berlin/pipedream/src/middleware/execution_context_option.go:24.50,26.3 1 0
github.com/Layer9Berlin/pipedream/src/middleware/execution_context_option.go:29.69,30.50 1 0
github.com/Layer9Berlin/pipedream/src/middleware/execution_context_option.go:30.50,32.3 1 0
github.com/Layer9Berlin/pipedream/src/middleware/execution_context_option.go:35.64,36.50 1 1
github.com/Layer9Berlin/pipedream/src/middleware/execution_context_option.go:36.50,38.3 1 1
github.com/Layer9Berlin/pipedream/src/middleware/execution_context_option.go:41.63,42.50 1 0
github.com/Layer9Berlin/pipedream/src/middleware/execution_context_option.go:42.50,44.3 1 0
github.com/Layer9Berlin/pipedream/src/middleware/full_run_options.go:19.55,20.39 1 1
github.com/Layer9Berlin/pipedream/src/middleware/full_run_options.go:20.39,22.3 1 1
github.com/Layer9Berlin/pipedream/src/middleware/full_run_options.go:25.59,26.39 1 0
github.com/Layer9Berlin/pipedream/src/middleware/full_run_options.go:26.39,28.3 1 0
github.com/Layer9Berlin/pipedream/src/middleware/full_run_options.go:31.60,32.39 1 0
github.com/Layer9Berlin/pipedream/src/middleware/full_run_options.go:32.39,34.3 1 0
github.com/Layer9Berlin/pipedream/src/middleware/full_run_options.go:37.68,38.39 1 1
github.com/Layer9Berlin/pipedream/src/middleware/full_run_options.go:38.39,40.3 1 1
github.com/Layer9Berlin/pipedream/src/middleware/full_run_options.go:43.67,44.39 1 1
github.com/Layer9Berlin/pipedream/src/middleware/full_run_options.go:44.39,46.3 1 1
github.com/Layer9Berlin/pipedream/src/middleware/full_run_options.go:49.71,50.39 1 0
github.com/Layer9Berlin/pipedream/src/middleware/full_run_options.go:50.39,52.3 1 0
github.com/Layer9Berlin/pipedream/src/middleware/output.go:12.59,14.47 2 1
github.com/Layer9Berlin/pipedream/src/middleware/output.go:19.2,19.53 1 1
github.com/Layer9Berlin/pipedream/src/middleware/output.go:14.47,17.3 2 1
github.com/Layer9Berlin/pipedream/src/middleware/output.go:22.54,23.34 1 1
github.com/Layer9Berlin/pipedream/src/middleware/output.go:23.34,25.25 2 1
github.com/Layer9Berlin/pipedream/src/middleware/output.go:25.25,28.4 2 1
github.com/Layer9Berlin/pipedream/src/middleware/output.go:32.63,33.39 1 1
github.com/Layer9Berlin/pipedream/src/middleware/output.go:33.39,35.37 2 1
github.com/Layer9Berlin/pipedream/src/middleware/output.go:38.3,38.65 1 1
github.com/Layer9Berlin/pipedream/src/middleware/output.go:35.37,37.4 1 1
github.com/Layer9Berlin/pipedream/src/middleware/catch/catch.go:16.42,18.2 1 1
github.com/Layer9Berlin/pipedream/src/middleware/catch/catch.go:20.43,22.2 1 1
github.com/Layer9Berlin/pipedream/src/middleware/catch/catch.go:28.3,32.21 3 1
github.com/Layer9Berlin/pipedream/src/middleware/catch/catch.go:32.21,38.63 4 1
github.com/Layer9Berlin/pipedream/src/middleware/catch/catch.go:44.3,52.13 5 1
github.com/Layer9Berlin/pipedream/src/middleware/catch/catch.go:38.63,41.9 3 1
github.com/Layer9Berlin/pipedream/src/middleware/catch/catch.go:52.13,57.25 3 1
github.com/Layer9Berlin/pipedream/src/middleware/catch/catch.go:57.25,62.60 1 1
github.com/Layer9Berlin/pipedream/src/middleware/catch/catch.go:62.60,67.7 2 1
github.com/Layer9Berlin/pipedream/src/middleware/catch/catch.go:68.63,77.17 5 1
github.com/Layer9Berlin/pipedream/src/middleware/catch/catch.go:77.17,82.8 3 1
github.com/Layer9Berlin/pipedream/src/middleware/catch/catch.go:84.10,88.5 2 1
github.com/Layer9Berlin/pipedream/src/middleware/catch/catch.go:90.8,92.3 1 1
github.com/Layer9Berlin/pipedream/src/middleware/dir/dir.go:17.40,19.2 1 1
github.com/Layer9Berlin/pipedream/src/middleware/dir/dir.go:21.39,27.2 2 1
github.com/Layer9Berlin/pipedream/src/middleware/dir/dir.go:33.3,37.23 3 1
github.com/Layer9Berlin/pipedream/src/middleware/dir/dir.go:46.2,49.62 2 1
github.com/Layer9Berlin/pipedream/src/middleware/dir/dir.go:37.23,44.3 2 1
github.com/Layer9Berlin/pipedream/src/middleware/dir/dir.go:52.94,54.21 2 1
github.com/Layer9Berlin/pipedream/src/middleware/dir/dir.go:54.21,56.17 2 1
github.com/Layer9Berlin/pipedream/src/middleware/dir/dir.go:56.17,58.4 1 1
github.com/Layer9Berlin/pipedream/src/middleware/catcheach/catcheach.go:17.46,19.2 1 1
github.com/Layer9Berlin/pipedream/src/middleware/catcheach/catcheach.go:21.51,23.2 1 1
github.com/Layer9Berlin/pipedream/src/middleware/catcheach/catcheach.go:29.3,33.20 3 1
github.com/Layer9Berlin/pipedream/src/middleware/catcheach/catcheach.go:33.20,47.13 7 1
github.com/Layer9Berlin/pipedream/src/middleware/catcheach/catcheach.go:47.13,49.23 2 1
github.com/Layer9Berlin/pipedream/src/middleware/catcheach/catcheach.go:75.4,75.14 1 1
github.com/Layer9Berlin/pipedream/src/middleware/catcheach/catcheach.go:49.23,54.60 2 1
github.com/Layer9Berlin/pipedream/src/middleware/catcheach/catcheach.go:54.60,59.7 2 1
github.com/Layer9Berlin/pipedream/src/middleware/catcheach/catcheach.go:60.63,69.17 5 1
github.com/Layer9Berlin/pipedream/src/middleware/catcheach/catcheach.go:69.17,72.8 2 1
github.com/Layer9Berlin/pipedream/src/middleware/catcheach/catcheach.go:75.14,80.5 3 1
github.com/Layer9Berlin/pipedream/src/middleware/catcheach/catcheach.go:82.8,84.3 1 1
github.com/Layer9Berlin/pipedream/src/middleware/docker/docker.go:15.43,17.2 1 1
github.com/Layer9Berlin/pipedream/src/middleware/docker/docker.go:19.45,21.2 1 1
github.com/Layer9Berlin/pipedream/src/middleware/docker/docker.go:27.3,33.30 3 1
github.com/Layer9Berlin/pipedream/src/middleware/docker/docker.go:43.2,43.11 1 1
github.com/Layer9Berlin/pipedream/src/middleware/docker/docker.go:33.30,41.3 2 1
github.com/Layer9Berlin/pipedream/src/middleware/docker/docker.go:46.59,50.16 3 1
github.com/Layer9Berlin/pipedream/src/middleware/docker/docker.go:50.16,52.28 2 1
github.com/Layer9Berlin/pipedream/src/middleware/docker/docker.go:52.28,55.4 2 1
github.com/Layer9Berlin/pipedream/src/middleware/env/env.go:24.52,26.2 1 1
github.com/Layer9Berlin/pipedream/src/middleware/env/env.go:28.39,30.2 1 1
github.com/Layer9Berlin/pipedream/src/middleware/env/env.go:35.17,40.2 1 1
github.com/Layer9Berlin/pipedream/src/middleware/env/env.go:46.3,55.31 5 1
github.com/Layer9Berlin/pipedream/src/middleware/env/env.go:69.2,69.41 1 1
github.com/Layer9Berlin/pipedream/src/middleware/env/env.go:87.2,89.27 2 1
github.com/Layer9Berlin/pipedream/src/middleware/env/env.go:56.14,58.42 2 1
github.com/Layer9Berlin/pipedream/src/middleware/env/env.go:59.14,59.14 0 1
github.com/Layer9Berlin/pipedream/src/middleware/env/env.go:60.10,62.65 2 1
github.com/Layer9Berlin/pipedream/src/middleware/env/env.go:67.3,67.33 1 1
github.com/Layer9Berlin/pipedream/src/middleware/env/env.go:62.65,63.101 1 1
github.com/Layer9Berlin/pipedream/src/middleware/env/env.go:63.101,65.5 1 1
github.com/Layer9Berlin/pipedream/src/middleware/env/env.go:70.9,70.9 0 1
github.com/Layer9Berlin/pipedream/src/middleware/env/env.go:71.9,77.4 1 1
github.com/Layer9Berlin/pipedream/src/middleware/env/env.go:78.10,84.4 1 1
github.com/Layer9Berlin/pipedream/src/middleware/env/env.go:89.27,95.13 3 1
github.com/Layer9Berlin/pipedream/src/middleware/env/env.go:101.3,106.4 1 1
github.com/Layer9Berlin/pipedream/src/middleware/env/env.go:95.13,100.4 4 1
github.com/Layer9Berlin/pipedream/src/middleware/env/env.go:115.65,120.2 1 1
github.com/Layer9Berlin/pipedream/src/middleware/env/env.go:122.73,124.21 2 1
github.com/Layer9Berlin/pipedream/src/middleware/env/env.go:127.2,127.15 1 1
github.com/Layer9Berlin/pipedream/src/middleware/env/env.go:124.21,126.3 1 1
github.com/Layer9Berlin/pipedream/src/middleware/inherit/inherit.go:14.44,16.2 1 1
github.com/Layer9Berlin/pipedream/src/middleware/inherit/inherit.go:18.47,20.2 1 1
github.com/Layer9Berlin/pipedream/src/middleware/inherit/inherit.go:26.3,30.23 3 1
github.com/Layer9Berlin/pipedream/src/middleware/inherit/inherit.go:52.2,52.11 1 1
github.com/Layer9Berlin/pipedream/src/middleware/inherit/inherit.go:30.23,34.47 4 1
github.com/Layer9Berlin/pipedream/src/middleware/inherit/inherit.go:43.3,43.29 1 1
github.com/Layer9Berlin/pipedream/src/middleware/inherit/inherit.go:34.47,37.45 3 1
github.com/Layer9Berlin/pipedream/src/middleware/inherit/inherit.go:37.45,41.5 3 1
github.com/Layer9Berlin/pipedream/src/middleware/inherit/inherit.go:43.29,50.4 1 1
github.com/Layer9Berlin/pipedream/src/middleware/each/each.go:16.41,18.2 1 1
github.com/Layer9Berlin/pipedream/src/middleware/each/each.go:20.41,22.2 1 1
github.com/Layer9Berlin/pipedream/src/middleware/each/each.go:28.3,33.18 4 1
github.com/Layer9Berlin/pipedream/src/middleware/each/each.go:83.2,83.11 1 1
github.com/Layer9Berlin/pipedream/src/middleware/each/each.go:33.18,36.44 3 1
github.com/Layer9Berlin/pipedream/src/middleware/each/each.go:43.3,44.47 2 1
github.com/Layer9Berlin/pipedream/src/middleware/each/each.go:51.3,57.56 2 1
github.com/Layer9Berlin/pipedream/src/middleware/each/each.go:36.44,37.70 1 1
github.com/Layer9Berlin/pipedream/src/middleware/each/each.go:37.70,40.5 2 1
github.com/Layer9Berlin/pipedream/src/middleware/each/each.go:44.47,45.25 1 1
github.com/Layer9Berlin/pipedream/src/middleware/each/each.go:45.25,47.5 1 1
github.com/Layer9Berlin/pipedream/src/middleware/each/each.go:47.10,49.5 1 1
github.com/Layer9Berlin/pipedream/src/middleware/each/each.go:57.56,64.59 3 1
github.com/Layer9Berlin/pipedream/src/middleware/each/each.go:64.59,69.6 2 1
github.com/Layer9Berlin/pipedream/src/middleware/each/each.go:70.62,79.6 4 1
github.com/Layer9Berlin/pipedream/src/middleware/interpolate/interpolate.go:29.68,31.2 1 1
github.com/Layer9Berlin/pipedream/src/middleware/interpolate/interpolate.go:33.55,35.2 1 1
github.com/Layer9Berlin/pipedream/src/middleware/interpolate/interpolate.go:41.3,50.22 3 1
github.com/Layer9Berlin/pipedream/src/middleware/interpolate/interpolate.go:168.2,168.11 1 1
github.com/Layer9Berlin/pipedream/src/middleware/interpolate/interpolate.go:50.22,56.37 4 1
github.com/Layer9Berlin/pipedream/src/middleware/interpolate/interpolate.go:128.3,129.42 2 1
github.com/Layer9Berlin/pipedream/src/middleware/interpolate/interpolate.go:56.37,60.67 1 1
github.com/Layer9Berlin/pipedream/src/middleware/interpolate/interpolate.go:76.4,91.14 8 1
github.com/Layer9Berlin/pipedream/src/middleware/interpolate/interpolate.go:125.4,125.10 1 1
github.com/Layer9Berlin/pipedream/src/middleware/interpolate/interpolate.go:60.67,61.34 1 1
github.com/Layer9Berlin/pipedream/src/middleware/interpolate/interpolate.go:61.34,68.6 1 1
github.com/Layer9Berlin/pipedream/src/middleware/interpolate/interpolate.go:69.10,75.5 1 1
github.com/Layer9Berlin/pipedream/src/middleware/interpolate/interpolate.go:91.14,100.60 4 1
github.com/Layer9Berlin/pipedream/src/middleware/interpolate/interpolate.go:100.60,107.7 4 1
github.com/Layer9Berlin/pipedream/src/middleware/interpolate/interpolate.go:108.63,117.17 5 1
github.com/Layer9Berlin/pipedream/src/middleware/interpolate/interpolate.go:117.17,122.8 3 1
github.com/Layer9Berlin/pipedream/src/middleware/interpolate/interpolate.go:129.42,142.59 5 1
github.com/Layer9Berlin/pipedream/src/middleware/interpolate/interpolate.go:164.4,164.10 1 1
github.com/Layer9Berlin/pipedream/src/middleware/interpolate/interpolate.go:142.59,147.6 2 1
github.com/Layer9Berlin/pipedream/src/middleware/interpolate/interpolate.go:148.62,157.16 5 1
github.com/Layer9Berlin/pipedream/src/middleware/interpolate/interpolate.go:157.16,162.7 3 1
github.com/Layer9Berlin/pipedream/src/middleware/interpolate/interpolate.go:185.17,196.2 2 1
github.com/Layer9Berlin/pipedream/src/middleware/interpolate/interpolate.go:201.17,203.2 1 1
github.com/Layer9Berlin/pipedream/src/middleware/interpolate/interpolate.go:205.73,214.21 3 1
github.com/Layer9Berlin/pipedream/src/middleware/interpolate/interpolate.go:227.2,227.15 1 1
github.com/Layer9Berlin/pipedream/src/middleware/interpolate/interpolate.go:214.21,217.17 3 1
github.com/Layer9Berlin/pipedream/src/middleware/interpolate/interpolate.go:221.3,221.59 1 1
github.com/Layer9Berlin/pipedream/src/middleware/interpolate/interpolate.go:224.3,224.54 1 1
github.com/Layer9Berlin/pipedream/src/middleware/interpolate/interpolate.go:217.17,219.9 2 1
github.com/Layer9Berlin/pipedream/src/middleware/interpolate/interpolate.go:221.59,222.9 1 1
github.com/Layer9Berlin/pipedream/src/middleware/interpolate/interpolate.go:230.73,231.36 1 1
github.com/Layer9Berlin/pipedream/src/middleware/interpolate/interpolate.go:239.2,239.14 1 1
github.com/Layer9Berlin/pipedream/src/middleware/interpolate/interpolate.go:231.36,233.40 2 1
github.com/Layer9Berlin/pipedream/src/middleware/interpolate/interpolate.go:233.40,237.4 3 1
github.com/Layer9Berlin/pipedream/src/middleware/interpolate/interpolate.go:242.86,248.32 3 1
github.com/Layer9Berlin/pipedream/src/middleware/interpolate/interpolate.go:260.2,262.32 3 1
github.com/Layer9Berlin/pipedream/src/middleware/interpolate/interpolate.go:301.2,301.19 1 1
github.com/Layer9Berlin/pipedream/src/middleware/interpolate/interpolate.go:248.32,253.38 4 1
github.com/Layer9Berlin/pipedream/src/middleware/interpolate/interpolate.go:256.3,257.59 2 1
github.com/Layer9Berlin/pipedream/src/middleware/interpolate/interpolate.go:253.38,255.4 1 1
github.com/Layer9Berlin/pipedream/src/middleware/interpolate/interpolate.go:262.32,265.45 3 1
github.com/Layer9Berlin/pipedream/src/middleware/interpolate/interpolate.go:265.45,266.22 1 1
github.com/Layer9Berlin/pipedream/src/middleware/interpolate/interpolate.go:266.22,270.5 1 1
github.com/Layer9Berlin/pipedream/src/middleware/interpolate/interpolate.go:270.10,275.5 2 1
github.com/Layer9Berlin/pipedream/src/middleware/interpolate/interpolate.go:276.9,277.50 1 1
github.com/Layer9Berlin/pipedream/src/middleware/interpolate/interpolate.go:278.16,280.66 2 1
github.com/Layer9Berlin/pipedream/src/middleware/interpolate/interpolate.go:281.23,283.50 2 1
github.com/Layer9Berlin/pipedream/src/middleware/interpolate/interpolate.go:289.5,291.67 3 1
github.com/Layer9Berlin/pipedream/src/middleware/interpolate/interpolate.go:292.13,295.67 3 1
github.com/Layer9Berlin/pipedream/src/middleware/interpolate/interpolate.go:296.12,297.102 1 1
github.com/Layer9Berlin/pipedream/src/middleware/interpolate/interpolate.go:283.50,285.12 2 1
github.com/Layer9Berlin/pipedream/src/middleware/interpolate/interpolate.go:285.12,287.7 1 1
github.com/Layer9Berlin/pipedream/src/middleware/interpolate/interpolate.go:304.109,305.65 1 1
github.com/Layer9Berlin/pipedream/src/middleware/interpolate/interpolate.go:305.65,306.55 1 1
github.com/Layer9Berlin/pipedream/src/middleware/interpolate/interpolate.go:306.55,313.4 1 1
github.com/Layer9Berlin/pipedream/src/middleware/interpolate/interpolate.go:314.8,315.42 1 1
github.com/Layer9Berlin/pipedream/src/middleware/interpolate/interpolate.go:316.10,316.10 0 1
github.com/Layer9Berlin/pipedream/src/middleware/interpolate/interpolate.go:317.10,323.5 1 1
github.com/Layer9Berlin/pipedream/src/middleware/interpolate/interpolate.go:324.11,330.5 1 1
github.com/Layer9Berlin/pipedream/src/middleware/interpolate/interpolate.go:335.84,336.32 1 1
github.com/Layer9Berlin/pipedream/src/middleware/interpolate/interpolate.go:337.13,338.86 1 0
github.com/Layer9Berlin/pipedream/src/middleware/interpolate/interpolate.go:339.16,340.52 1 0
github.com/Layer9Berlin/pipedream/src/middleware/interpolate/interpolate.go:341.16,342.51 1 0
github.com/Layer9Berlin/pipedream/src/middleware/interpolate/interpolate.go:343.10,344.17 1 1
github.com/Layer9Berlin/pipedream/src/middleware/shell/shell.go:27.56,29.2 1 1
github.com/Layer9Berlin/pipedream/src/middleware/shell/shell.go:31.43,32.70 1 1
github.com/Layer9Berlin/pipedream/src/middleware/shell/shell.go:32.70,32.108 1 1
github.com/Layer9Berlin/pipedream/src/middleware/shell/shell.go:35.100,42.2 1 1
github.com/Layer9Berlin/pipedream/src/middleware/shell/shell.go:55.61,64.2 1 1
github.com/Layer9Berlin/pipedream/src/middleware/shell/shell.go:70.3,74.26 3 1
github.com/Layer9Berlin/pipedream/src/middleware/shell/shell.go:74.26,76.3 1 1
github.com/Layer9Berlin/pipedream/src/middleware/shell/shell.go:76.8,78.17 2 1
github.com/Layer9Berlin/pipedream/src/middleware/shell/shell.go:90.3,90.27 1 1
github.com/Layer9Berlin/pipedream/src/middleware/shell/shell.go:97.3,102.22 4 1
github.com/Layer9Berlin/pipedream/src/middleware/shell/shell.go:105.3,111.28 5 1
github.com/Layer9Berlin/pipedream/src/middleware/shell/shell.go:144.3,150.13 2 1
github.com/Layer9Berlin/pipedream/src/middleware/shell/shell.go:155.3,155.34 1 1
github.com/Layer9Berlin/pipedream/src/middleware/shell/shell.go:164.3,164.54 1 1
github.com/Layer9Berlin/pipedream/src/middleware/shell/shell.go:171.3,172.13 2 1
github.com/Layer9Berlin/pipedream/src/middleware/shell/shell.go:78.17,84.4 2 1
github.com/Layer9Berlin/pipedream/src/middleware/shell/shell.go:84.9,85.38 1 1
github.com/Layer9Berlin/pipedream/src/middleware/shell/shell.go:85.38,87.5 1 1
github.com/Layer9Berlin/pipedream/src/middleware/shell/shell.go:90.27,92.4 1 1
github.com/Layer9Berlin/pipedream/src/middleware/shell/shell.go:102.22,104.4 1 1
github.com/Layer9Berlin/pipedream/src/middleware/shell/shell.go:111.28,116.14 2 0
github.com/Layer9Berlin/pipedream/src/middleware/shell/shell.go:119.4,119.14 1 0
github.com/Layer9Berlin/pipedream/src/middleware/shell/shell.go:127.4,135.57 6 0
github.com/Layer9Berlin/pipedream/src/middleware/shell/shell.go:116.14,118.5 1 0
github.com/Layer9Berlin/pipedream/src/middleware/shell/shell.go:119.14,123.5 2 0
github.com/Layer9Berlin/pipedream/src/middleware/shell/shell.go:136.9,137.24 1 1
github.com/Layer9Berlin/pipedream/src/middleware/shell/shell.go:140.4,141.46 2 1
github.com/Layer9Berlin/pipedream/src/middleware/shell/shell.go:137.24,139.5 1 1
github.com/Layer9Berlin/pipedream/src/middleware/shell/shell.go:150.13,153.4 2 1
github.com/Layer9Berlin/pipedream/src/middleware/shell/shell.go:155.34,162.4 2 1
github.com/Layer9Berlin/pipedream/src/middleware/shell/shell.go:164.54,165.14 1 1
github.com/Layer9Berlin/pipedream/src/middleware/shell/shell.go:165.14,168.5 2 1
github.com/Layer9Berlin/pipedream/src/middleware/shell/shell.go:172.13,177.18 5 1
github.com/Layer9Berlin/pipedream/src/middleware/shell/shell.go:189.4,189.34 1 1
github.com/Layer9Berlin/pipedream/src/middleware/shell/shell.go:177.18,178.49 1 1
github.com/Layer9Berlin/pipedream/src/middleware/shell/shell.go:178.49,182.6 3 1
github.com/Layer9Berlin/pipedream/src/middleware/shell/shell.go:182.11,184.6 1 1
github.com/Layer9Berlin/pipedream/src/middleware/shell/shell.go:185.10,188.5 2 1
github.com/Layer9Berlin/pipedream/src/middleware/shell/shell.go:194.86,196.50 2 1
github.com/Layer9Berlin/pipedream/src/middleware/shell/shell.go:206.2,206.33 1 1
github.com/Layer9Berlin/pipedream/src/middleware/shell/shell.go:196.50,197.47 1 1
github.com/Layer9Berlin/pipedream/src/middleware/shell/shell.go:198.15,199.68 1 1
github.com/Layer9Berlin/pipedream/src/middleware/shell/shell.go:200.31,201.117 1 1
github.com/Layer9Berlin/pipedream/src/middleware/shell/shell.go:202.11,203.146 1 1
github.com/Layer9Berlin/pipedream/src/middleware/shell/shell.go:209.88,211.49 2 1
github.com/Layer9Berlin/pipedream/src/middleware/shell/shell.go:233.2,234.22 2 1
github.com/Layer9Berlin/pipedream/src/middleware/shell/shell.go:211.49,212.100 1 1
github.com/Layer9Berlin/pipedream/src/middleware/shell/shell.go:212.100,213.43 1 1
github.com/Layer9Berlin/pipedream/src/middleware/shell/shell.go:213.43,215.5 1 1
github.com/Layer9Berlin/pipedream/src/middleware/shell/shell.go:215.10,215.36 1 1
github.com/Layer9Berlin/pipedream/src/middleware/shell/shell.go:215.36,217.5 1 1
github.com/Layer9Berlin/pipedream/src/middleware/shell/shell.go:217.10,219.5 1 1
github.com/Layer9Berlin/pipedream/src/middleware/shell/shell.go:220.9,220.99 1 1
github.com/Layer9Berlin/pipedream/src/middleware/shell/shell.go:220.99,221.27 1 1
github.com/Layer9Berlin/pipedream/src/middleware/shell/shell.go:221.27,222.44 1 1
github.com/Layer9Berlin/pipedream/src/middleware/shell/shell.go:222.44,224.6 1 1
github.com/Layer9Berlin/pipedream/src/middleware/shell/shell.go:224.11,224.37 1 1
github.com/Layer9Berlin/pipedream/src/middleware/shell/shell.go:224.37,226.6 1 1
github.com/Layer9Berlin/pipedream/src/middleware/shell/shell.go:226.11,228.6 1 1
github.com/Layer9Berlin/pipedream/src/middleware/shell/shell.go:254.58,259.2 1 1
github.com/Layer9Berlin/pipedream/src/middleware/shell/shell.go:261.74,264.2 2 1
github.com/Layer9Berlin/pipedream/src/middleware/shell/shell.go:266.55,268.2 1 1
github.com/Layer9Berlin/pipedream/src/middleware/shell/shell.go:270.67,273.2 2 1
github.com/Layer9Berlin/pipedream/src/middleware/shell/shell.go:275.63,278.2 2 1
github.com/Layer9Berlin/pipedream/src/middleware/shell/shell.go:280.63,283.2 2 1
github.com/Layer9Berlin/pipedream/src/middleware/shell/shell.go:285.54,287.2 1 1
github.com/Layer9Berlin/pipedream/src/middleware/shell/shell.go:289.54,290.37 1 1
github.com/Layer9Berlin/pipedream/src/middleware/shell/shell.go:293.2,293.40 1 0
github.com/Layer9Berlin/pipedream/src/middleware/shell/shell.go:290.37,292.3 1 1
github.com/Layer9Berlin/pipedream/src/middleware/shell/shell.go:296.57,298.2 1 1
github.com/Layer9Berlin/pipedream/src/middleware/pipe/pipe.go:16.54,18.2 1 1
github.com/Layer9Berlin/pipedream/src/middleware/pipe/pipe.go:20.41,22.2 1 1
github.com/Layer9Berlin/pipedream/src/middleware/pipe/pipe.go:28.3,33.18 4 1
github.com/Layer9Berlin/pipedream/src/middleware/pipe/pipe.go:110.2,110.11 1 1
github.com/Layer9Berlin/pipedream/src/middleware/pipe/pipe.go:33.18,36.44 3 1
github.com/Layer9Berlin/pipedream/src/middleware/pipe/pipe.go:43.3,44.52 2 1
github.com/Layer9Berlin/pipedream/src/middleware/pipe/pipe.go:52.3,52.20 1 1
github.com/Layer9Berlin/pipedream/src/middleware/pipe/pipe.go:74.3,75.56 2 1
github.com/Layer9Berlin/pipedream/src/middleware/pipe/pipe.go:104.3,107.39 2 1
github.com/Layer9Berlin/pipedream/src/middleware/pipe/pipe.go:36.44,37.70 1 1
github.com/Layer9Berlin/pipedream/src/middleware/pipe/pipe.go:37.70,40.5 2 1
github.com/Layer9Berlin/pipedream/src/middleware/pipe/pipe.go:44.52,45.30 1 1
github.com/Layer9Berlin/pipedream/src/middleware/pipe/pipe.go:45.30,47.5 1 1
github.com/Layer9Berlin/pipedream/src/middleware/pipe/pipe.go:47.10,49.5 1 1
github.com/Layer9Berlin/pipedream/src/middleware/pipe/pipe.go:53.10,60.10 3 1
github.com/Layer9Berlin/pipedream/src/middleware/pipe/pipe.go:61.10,66.5 1 1
github.com/Layer9Berlin/pipedream/src/middleware/pipe/pipe.go:67.11,72.5 1 1
github.com/Layer9Berlin/pipedream/src/middleware/pipe/pipe.go:75.56,82.59 3 1
github.com/Layer9Berlin/pipedream/src/middleware/pipe/pipe.go:82.59,83.20 1 1
github.com/Layer9Berlin/pipedream/src/middleware/pipe/pipe.go:83.20,88.7 2 1
github.com/Layer9Berlin/pipedream/src/middleware/pipe/pipe.go:88.12,93.7 2 1
github.com/Layer9Berlin/pipedream/src/middleware/pipe/pipe.go:95.62,102.6 2 1
github.com/Layer9Berlin/pipedream/src/middleware/sync/sync.go:18.54,20.2 1 0
github.com/Layer9Berlin/pipedream/src/middleware/sync/sync.go:22.41,26.2 1 0
github.com/Layer9Berlin/pipedream/src/middleware/sync/sync.go:37.3,41.28 3 0
github.com/Layer9Berlin/pipedream/src/middleware/sync/sync.go:60.2,60.30 1 0
github.com/Layer9Berlin/pipedream/src/middleware/sync/sync.go:81.2,81.11 1 0
github.com/Layer9Berlin/pipedream/src/middleware/sync/sync.go:41.28,42.54 1 0
github.com/Layer9Berlin/pipedream/src/middleware/sync/sync.go:42.54,43.55 1 0
github.com/Layer9Berlin/pipedream/src/middleware/sync/sync.go:43.55,44.89 1 0
github.com/Layer9Berlin/pipedream/src/middleware/sync/sync.go:44.89,51.16 3 0
github.com/Layer9Berlin/pipedream/src/middleware/sync/sync.go:51.16,54.7 2 0
github.com/Layer9Berlin/pipedream/src/middleware/sync/sync.go:60.30,61.44 1 0
github.com/Layer9Berlin/pipedream/src/middleware/sync/sync.go:61.44,69.14 4 0
github.com/Layer9Berlin/pipedream/src/middleware/sync/sync.go:69.14,70.9 1 0
github.com/Layer9Berlin/pipedream/src/middleware/sync/sync.go:76.5,76.30 1 0
github.com/Layer9Berlin/pipedream/src/middleware/sync/sync.go:70.9,71.55 1 0
github.com/Layer9Berlin/pipedream/src/middleware/sync/sync.go:74.6,74.21 1 0
github.com/Layer9Berlin/pipedream/src/middleware/sync/sync.go:71.55,72.12 1 0
github.com/Layer9Berlin/pipedream/src/middleware/ssh/ssh.go:15.52,17.2 1 1
github.com/Layer9Berlin/pipedream/src/middleware/ssh/ssh.go:19.39,21.2 1 1
github.com/Layer9Berlin/pipedream/src/middleware/ssh/ssh.go:27.3,33.27 3 1
github.com/Layer9Berlin/pipedream/src/middleware/ssh/ssh.go:42.2,42.11 1 1
github.com/Layer9Berlin/pipedream/src/middleware/ssh/ssh.go:33.27,40.3 2 1
github.com/Layer9Berlin/pipedream/src/middleware/ssh/ssh.go:45.59,49.16 3 1
github.com/Layer9Berlin/pipedream/src/middleware/ssh/ssh.go:49.16,51.26 2 1
github.com/Layer9Berlin/pipedream/src/middleware/ssh/ssh.go:51.26,54.4 2 1
github.com/Layer9Berlin/pipedream/src/middleware/stack/stack.go:24.48,43.2 1 1
github.com/Layer9Berlin/pipedream/src/middleware/timer/timer.go:19.46,21.2 1 1
github.com/Layer9Berlin/pipedream/src/middleware/timer/timer.go:23.71,25.2 1 1
github.com/Layer9Berlin/pipedream/src/middleware/timer/timer.go:35.56,37.2 1 1
github.com/Layer9Berlin/pipedream/src/middleware/timer/timer.go:39.43,41.2 1 1
github.com/Layer9Berlin/pipedream/src/middleware/timer/timer.go:43.80,47.2 1 1
github.com/Layer9Berlin/pipedream/src/middleware/timer/timer.go:53.3,59.22 3 1
github.com/Layer9Berlin/pipedream/src/middleware/timer/timer.go:59.22,74.3 5 1
github.com/Layer9Berlin/pipedream/src/middleware/timer/timer.go:74.8,76.3 1 1
github.com/Layer9Berlin/pipedream/src/middleware/when/when.go:16.54,18.2 1 1
github.com/Layer9Berlin/pipedream/src/middleware/when/when.go:20.41,22.2 1 1
github.com/Layer9Berlin/pipedream/src/middleware/when/when.go:28.3,32.20 3 1
github.com/Layer9Berlin/pipedream/src/middleware/when/when.go:37.2,38.16 2 1
github.com/Layer9Berlin/pipedream/src/middleware/when/when.go:43.2,43.19 1 1
github.com/Layer9Berlin/pipedream/src/middleware/when/when.go:32.20,35.3 2 1
github.com/Layer9Berlin/pipedream/src/middleware/when/when.go:38.16,41.3 2 1
github.com/Layer9Berlin/pipedream/src/middleware/when/when.go:43.19,51.3 2 1
github.com/Layer9Berlin/pipedream/src/middleware/when/when.go:51.8,62.3 2 1
github.com/Layer9Berlin/pipedream/src/parsing/imports.go:10.121,14.48 3 1
github.com/Layer9Berlin/pipedream/src/parsing/imports.go:32.2,33.34 2 1
github.com/Layer9Berlin/pipedream/src/parsing/imports.go:36.2,36.32 1 1
github.com/Layer9Berlin/pipedream/src/parsing/imports.go:14.48,16.17 2 1
github.com/Layer9Berlin/pipedream/src/parsing/imports.go:19.3,21.17 3 1
github.com/Layer9Berlin/pipedream/src/parsing/imports.go:24.3,24.60 1 1
github.com/Layer9Berlin/pipedream/src/parsing/imports.go:16.17,18.4 1 1
github.com/Layer9Berlin/pipedream/src/parsing/imports.go:21.17,23.4 1 1
github.com/Layer9Berlin/pipedream/src/parsing/imports.go:24.60,26.89 2 1
github.com/Layer9Berlin/pipedream/src/parsing/imports.go:26.89,28.5 1 1
github.com/Layer9Berlin/pipedream/src/parsing/imports.go:33.34,35.3 1 1
github.com/Layer9Berlin/pipedream/src/parsing/option.go:6.94,7.30 1 1
github.com/Layer9Berlin/pipedream/src/parsing/option.go:7.30,9.3 1 1
github.com/Layer9Berlin/pipedream/src/parsing/option.go:12.99,13.30 1 1
github.com/Layer9Berlin/pipedream/src/parsing/option.go:13.30,15.3 1 1
github.com/Layer9Berlin/pipedream/src/parsing/option.go:18.121,19.30 1 0
github.com/Layer9Berlin/pipedream/src/parsing/option.go:19.30,21.3 1 0
github.com/Layer9Berlin/pipedream/src/parsing/parser.go:18.49,23.76 2 1
github.com/Layer9Berlin/pipedream/src/parsing/parser.go:26.2,26.38 1 1
github.com/Layer9Berlin/pipedream/src/parsing/parser.go:29.2,29.15 1 1
github.com/Layer9Berlin/pipedream/src/parsing/parser.go:23.76,25.3 1 1
github.com/Layer9Berlin/pipedream/src/parsing/parser.go:26.38,28.3 1 1
github.com/Layer9Berlin/pipedream/src/parsing/parser.go:37.3,44.60 3 1
github.com/Layer9Berlin/pipedream/src/parsing/parser.go:75.2,75.8 1 1
github.com/Layer9Berlin/pipedream/src/parsing/parser.go:44.60,46.17 2 1
github.com/Layer9Berlin/pipedream/src/parsing/parser.go:50.3,54.17 3 1
github.com/Layer9Berlin/pipedream/src/parsing/parser.go:59.3,61.63 2 1
github.com/Layer9Berlin/pipedream/src/parsing/parser.go:69.3,69.29 1 1
github.com/Layer9Berlin/pipedream/src/parsing/parser.go:73.3,73.38 1 1
github.com/Layer9Berlin/pipedream/src/parsing/parser.go:46.17,49.4 2 1
github.com/Layer9Berlin/pipedream/src/parsing/parser.go:54.17,57.4 2 1
github.com/Layer9Berlin/pipedream/src/parsing/parser.go:61.63,62.69 1 1
github.com/Layer9Berlin/pipedream/src/parsing/parser.go:62.69,64.5 1 1
github.com/Layer9Berlin/pipedream/src/parsing/parser.go:64.10,66.5 1 1
github.com/Layer9Berlin/pipedream/src/parsing/parser.go:69.29,71.4 1 1
github.com/Layer9Berlin/pipedream/src/parsing/parser.go:81.38,84.63 2 1
github.com/Layer9Berlin/pipedream/src/parsing/parser.go:88.2,88.64 1 1
github.com/Layer9Berlin/pipedream/src/parsing/parser.go:96.2,96.28 1 1
github.com/Layer9Berlin/pipedream/src/parsing/parser.go:84.63,87.3 2 1
github.com/Layer9Berlin/pipedream/src/parsing/parser.go:88.64,90.77 2 1
github.com/Layer9Berlin/pipedream/src/parsing/parser.go:90.77,92.4 1 1
github.com/Layer9Berlin/pipedream/src/parsing/parser.go:92.9,94.4 1 1
github.com/Layer9Berlin/pipedream/src/parsing/pipelines.go:11.86,13.16 2 1
github.com/Layer9Berlin/pipedream/src/parsing/pipelines.go:24.2,26.16 3 1
github.com/Layer9Berlin/pipedream/src/parsing/pipelines.go:29.2,29.23 1 1
github.com/Layer9Berlin/pipedream/src/parsing/pipelines.go:32.2,32.21 1 0
github.com/Layer9Berlin/pipedream/src/parsing/pipelines.go:13.16,14.45 1 1
github.com/Layer9Berlin/pipedream/src/parsing/pipelines.go:14.45,15.37 1 1
github.com/Layer9Berlin/pipedream/src/parsing/pipelines.go:15.37,17.5 1 1
github.com/Layer9Berlin/pipedream/src/parsing/pipelines.go:17.10,19.5 1 0
github.com/Layer9Berlin/pipedream/src/parsing/pipelines.go:20.9,22.4 1 0
github.com/Layer9Berlin/pipedream/src/parsing/pipelines.go:26.16,28.3 1 1
github.com/Layer9Berlin/pipedream/src/parsing/pipelines.go:29.23,31.3 1 1
github.com/Layer9Berlin/pipedream/src/parsing/pipelines.go:35.78,37.20 2 1
github.com/Layer9Berlin/pipedream/src/parsing/pipelines.go:51.2,51.31 1 1
github.com/Layer9Berlin/pipedream/src/parsing/pipelines.go:37.20,40.22 3 1
github.com/Layer9Berlin/pipedream/src/parsing/pipelines.go:43.3,43.62 1 1
github.com/Layer9Berlin/pipedream/src/parsing/pipelines.go:40.22,42.4 1 1
github.com/Layer9Berlin/pipedream/src/parsing/pipelines.go:44.8,46.17 2 1
github.com/Layer9Berlin/pipedream/src/parsing/pipelines.go:49.3,49.30 1 1
github.com/Layer9Berlin/pipedream/src/parsing/pipelines.go:46.17,48.4 1 1
github.com/Layer9Berlin/pipedream/src/middleware/with/with.go:18.54,20.2 1 0
github.com/Layer9Berlin/pipedream/src/middleware/with/with.go:22.41,24.2 1 1
github.com/Layer9Berlin/pipedream/src/middleware/with/with.go:34.3,42.28 4 1
github.com/Layer9Berlin/pipedream/src/middleware/with/with.go:42.28,51.17 3 1
github.com/Layer9Berlin/pipedream/src/middleware/with/with.go:56.3,75.13 8 1
github.com/Layer9Berlin/pipedream/src/middleware/with/with.go:51.17,54.4 2 1
github.com/Layer9Berlin/pipedream/src/middleware/with/with.go:75.13,81.34 6 1
github.com/Layer9Berlin/pipedream/src/middleware/with/with.go:113.4,113.14 1 1
github.com/Layer9Berlin/pipedream/src/middleware/with/with.go:81.34,87.60 2 1
github.com/Layer9Berlin/pipedream/src/middleware/with/with.go:87.60,94.7 2 1
github.com/Layer9Berlin/pipedream/src/middleware/with/with.go:95.63,103.17 3 1
github.com/Layer9Berlin/pipedream/src/middleware/with/with.go:103.17,110.8 6 1
github.com/Layer9Berlin/pipedream/src/middleware/with/with.go:113.14,119.5 5 1
github.com/Layer9Berlin/pipedream/src/pipeline/logger.go:52.62,87.2 13 1
github.com/Layer9Berlin/pipedream/src/pipeline/logger.go:89.73,97.2 2 0
github.com/Layer9Berlin/pipedream/src/pipeline/logger.go:99.77,108.2 2 0
github.com/Layer9Berlin/pipedream/src/pipeline/logger.go:110.31,113.19 3 1
github.com/Layer9Berlin/pipedream/src/pipeline/logger.go:116.2,117.35 2 1
github.com/Layer9Berlin/pipedream/src/pipeline/logger.go:113.19,115.3 1 1
github.com/Layer9Berlin/pipedream/src/pipeline/logger.go:120.37,122.2 1 1
github.com/Layer9Berlin/pipedream/src/pipeline/logger.go:124.30,126.2 1 1
github.com/Layer9Berlin/pipedream/src/pipeline/logger.go:128.40,130.32 2 1
github.com/Layer9Berlin/pipedream/src/pipeline/logger.go:133.2,133.30 1 1
github.com/Layer9Berlin/pipedream/src/pipeline/logger.go:136.2,136.39 1 1
github.com/Layer9Berlin/pipedream/src/pipeline/logger.go:130.32,132.3 1 1
github.com/Layer9Berlin/pipedream/src/pipeline/logger.go:133.30,135.3 1 1
github.com/Layer9Berlin/pipedream/src/pipeline/logger.go:139.52,141.2 1 1
github.com/Layer9Berlin/pipedream/src/pipeline/logger.go:143.44,145.2 1 1
github.com/Layer9Berlin/pipedream/src/pipeline/logger.go:147.56,154.2 3 1
github.com/Layer9Berlin/pipedream/src/pipeline/logger.go:156.60,160.2 3 0
github.com/Layer9Berlin/pipedream/src/pipeline/logger.go:162.48,163.16 1 1
github.com/Layer9Berlin/pipedream/src/pipeline/logger.go:166.2,166.19 1 1
github.com/Layer9Berlin/pipedream/src/pipeline/logger.go:163.16,165.3 1 1
github.com/Layer9Berlin/pipedream/src/pipeline/logger.go:169.83,170.16 1 1
github.com/Layer9Berlin/pipedream/src/pipeline/logger.go:173.2,173.50 1 1
github.com/Layer9Berlin/pipedream/src/pipeline/logger.go:170.16,172.3 1 1
github.com/Layer9Berlin/pipedream/src/pipeline/logger.go:176.87,184.38 5 0
github.com/Layer9Berlin/pipedream/src/pipeline/logger.go:187.2,188.38 2 0
github.com/Layer9Berlin/pipedream/src/pipeline/logger.go:184.38,186.3 1 0
github.com/Layer9Berlin/pipedream/src/pipeline/logger.go:191.75,199.38 5 1
github.com/Layer9Berlin/pipedream/src/pipeline/logger.go:202.2,204.33 3 1
github.com/Layer9Berlin/pipedream/src/pipeline/logger.go:199.38,201.3 1 1
github.com/Layer9Berlin/pipedream/src/pipeline/logger.go:204.33,205.35 1 0
github.com/Layer9Berlin/pipedream/src/pipeline/logger.go:205.35,207.4 1 0
github.com/Layer9Berlin/pipedream/src/pipeline/logger.go:207.9,209.4 1 0
github.com/Layer9Berlin/pipedream/src/pipeline/logger.go:213.73,219.2 5 1
github.com/Layer9Berlin/pipedream/src/pipeline/logger.go:221.49,225.2 3 1
github.com/Layer9Berlin/pipedream/src/pipeline/logger.go:227.49,231.2 3 1
github.com/Layer9Berlin/pipedream/src/pipeline/logger.go:233.73,239.2 5 1
github.com/Layer9Berlin/pipedream/src/pipeline/logger.go:241.50,245.2 3 1
github.com/Layer9Berlin/pipedream/src/pipeline/logger.go:247.74,253.2 5 1
github.com/Layer9Berlin/pipedream/src/pipeline/logger.go:255.50,259.2 3 1
github.com/Layer9Berlin/pipedream/src/pipeline/logger.go:261.74,267.2 5 1
github.com/Layer9Berlin/pipedream/src/pipeline/logger.go:269.40,271.2 1 1
github.com/Layer9Berlin/pipedream/src/pipeline/logger.go:273.40,275.2 1 1
github.com/Layer9Berlin/pipedream/src/pipeline/logger.go:276.39,278.2 1 1
github.com/Layer9Berlin/pipedream/src/pipeline/logger.go:279.39,281.2 1 1
github.com/Layer9Berlin/pipedream/src/pipeline/logger.go:283.40,285.2 1 1
github.com/Layer9Berlin/pipedream/src/pipeline/logger.go:287.38,290.2 2 1
github.com/Layer9Berlin/pipedream/src/pipeline/logger.go:292.39,294.2 1 1
github.com/Layer9Berlin/pipedream/src/pipeline/logger.go:296.41,297.54 1 1
github.com/Layer9Berlin/pipedream/src/pipeline/logger.go:300.2,300.61 1 1
github.com/Layer9Berlin/pipedream/src/pipeline/logger.go:297.54,299.3 1 1
github.com/Layer9Berlin/pipedream/src/pipeline/logger.go:303.51,305.52 2 1
github.com/Layer9Berlin/pipedream/src/pipeline/logger.go:308.2,308.15 1 1
github.com/Layer9Berlin/pipedream/src/pipeline/logger.go:305.52,307.3 1 1
github.com/Layer9Berlin/pipedream/src/pipeline/logger.go:311.51,312.64 1 1
github.com/Layer9Berlin/pipedream/src/pipeline/logger.go:315.2,316.22 2 1
github.com/Layer9Berlin/pipedream/src/pipeline/logger.go:328.2,328.21 1 1
github.com/Layer9Berlin/pipedream/src/pipeline/logger.go:331.2,331.15 1 0
github.com/Layer9Berlin/pipedream/src/pipeline/logger.go:312.64,314.3 1 0
github.com/Layer9Berlin/pipedream/src/pipeline/logger.go:316.22,317.58 1 1
github.com/Layer9Berlin/pipedream/src/pipeline/logger.go:317.58,319.30 2 1
github.com/Layer9Berlin/pipedream/src/pipeline/logger.go:319.30,321.5 1 1
github.com/Layer9Berlin/pipedream/src/pipeline/logger.go:321.10,323.5 1 1
github.com/Layer9Berlin/pipedream/src/pipeline/logger.go:324.9,325.35 1 0
github.com/Layer9Berlin/pipedream/src/pipeline/logger.go:328.21,330.3 1 1
github.com/Layer9Berlin/pipedream/src/pipeline/logger.go:334.67,336.39 2 0
github.com/Layer9Berlin/pipedream/src/pipeline/logger.go:341.2,342.25 2 0
github.com/Layer9Berlin/pipedream/src/pipeline/logger.go:336.39,338.3 1 0
github.com/Layer9Berlin/pipedream/src/pipeline/logger.go:338.8,340.3 1 0
github.com/Layer9Berlin/pipedream/src/pipeline/logger.go:345.96,346.51 1 1
github.com/Layer9Berlin/pipedream/src/pipeline/logger.go:346.51,348.20 2 1
github.com/Layer9Berlin/pipedream/src/pipeline/logger.go:352.3,352.16 1 1
github.com/Layer9Berlin/pipedream/src/pipeline/logger.go:348.20,351.4 2 1
github.com/Layer9Berlin/pipedream/src/pipeline/logger.go:353.8,355.3 1 0
github.com/Layer9Berlin/pipedream/src/pipeline/logger.go:358.87,360.37 1 1
github.com/Layer9Berlin/pipedream/src/pipeline/logger.go:364.2,366.49 3 1
github.com/Layer9Berlin/pipedream/src/pipeline/logger.go:370.2,373.19 4 1
github.com/Layer9Berlin/pipedream/src/pipeline/logger.go:376.2,376.26 1 1
github.com/Layer9Berlin/pipedream/src/pipeline/logger.go:379.2,381.25 3 1
github.com/Layer9Berlin/pipedream/src/pipeline/logger.go:360.37,363.3 2 1
github.com/Layer9Berlin/pipedream/src/pipeline/logger.go:366.49,369.3 1 1
github.com/Layer9Berlin/pipedream/src/pipeline/logger.go:373.19,375.3 1 0
github.com/Layer9Berlin/pipedream/src/pipeline/logger.go:376.26,378.3 1 0
github.com/Layer9Berlin/pipedream/src/pipeline/run.go:73.17,75.23 2 1
github.com/Layer9Berlin/pipedream/src/pipeline/run.go:82.2,106.19 2 1
github.com/Layer9Berlin/pipedream/src/pipeline/run.go:113.2,113.35 1 1
github.com/Layer9Berlin/pipedream/src/pipeline/run.go:116.2,120.17 4 1
github.com/Layer9Berlin/pipedream/src/pipeline/run.go:75.23,77.17 2 1
github.com/Layer9Berlin/pipedream/src/pipeline/run.go:77.17,79.4 1 1
github.com/Layer9Berlin/pipedream/src/pipeline/run.go:106.19,108.3 1 1
github.com/Layer9Berlin/pipedream/src/pipeline/run.go:108.8,111.3 2 1
github.com/Layer9Berlin/pipedream/src/pipeline/run.go:113.35,115.3 1 0
github.com/Layer9Berlin/pipedream/src/pipeline/run.go:123.25,126.16 3 1
github.com/Layer9Berlin/pipedream/src/pipeline/run.go:129.2,142.12 7 1
github.com/Layer9Berlin/pipedream/src/pipeline/run.go:126.16,128.3 1 1
github.com/Layer9Berlin/pipedream/src/pipeline/run.go:142.12,165.3 9 1
github.com/Layer9Berlin/pipedream/src/pipeline/run.go:168.24,175.2 5 1
github.com/Layer9Berlin/pipedream/src/pipeline/run.go:177.34,179.2 1 1
github.com/Layer9Berlin/pipedream/src/pipeline/run.go:181.33,185.16 4 1
github.com/Layer9Berlin/pipedream/src/pipeline/run.go:190.2,190.59 1 1
github.com/Layer9Berlin/pipedream/src/pipeline/run.go:194.2,194.32 1 1
github.com/Layer9Berlin/pipedream/src/pipeline/run.go:198.2,199.19 2 1
github.com/Layer9Berlin/pipedream/src/pipeline/run.go:214.2,214.39 1 1
github.com/Layer9Berlin/pipedream/src/pipeline/run.go:185.16,186.92 1 1
github.com/Layer9Berlin/pipedream/src/pipeline/run.go:186.92,188.4 1 1
github.com/Layer9Berlin/pipedream/src/pipeline/run.go:190.59,193.3 2 1
github.com/Layer9Berlin/pipedream/src/pipeline/run.go:194.32,197.3 2 1
github.com/Layer9Berlin/pipedream/src/pipeline/run.go:199.19,200.26 1 1
github.com/Layer9Berlin/pipedream/src/pipeline/run.go:203.3,203.27 1 1
github.com/Layer9Berlin/pipedream/src/pipeline/run.go:206.3,206.27 1 1
github.com/Layer9Berlin/pipedream/src/pipeline/run.go:209.3,210.26 2 1
github.com/Layer9Berlin/pipedream/src/pipeline/run.go:200.26,202.4 1 1
github.com/Layer9Berlin/pipedream/src/pipeline/run.go:203.27,205.4 1 1
github.com/Layer9Berlin/pipedream/src/pipeline/run.go:206.27,208.4 1 1
github.com/Layer9Berlin/pipedream/src/pipeline/run.go:210.26,212.4 1 1
github.com/Layer9Berlin/pipedream/src/pipeline/run.go:217.56,221.2 3 1
github.com/Layer9Berlin/pipedream/src/pipeline/run.go:223.69,227.2 3 1
github.com/Layer9Berlin/pipedream/src/pipeline/run.go:229.85,233.16 4 1
github.com/Layer9Berlin/pipedream/src/pipeline/run.go:237.2,237.23 1 1
github.com/Layer9Berlin/pipedream/src/pipeline/run.go:233.16,235.3 1 1
github.com/Layer9Berlin/pipedream/src/pipeline/run.go:237.23,239.3 1 1
github.com/Layer9Berlin/pipedream/src/pipeline/run.go:239.8,241.3 1 1
github.com/Layer9Berlin/pipedream/src/pipeline/run.go:244.60,248.2 3 1
github.com/Layer9Berlin/pipedream/src/pipeline/run.go:250.76,255.2 4 1
github.com/Layer9Berlin/pipedream/src/pipeline/run.go:257.56,259.2 1 0
github.com/Layer9Berlin/pipedream/src/pipeline/run.go:261.32,264.45 3 0
github.com/Layer9Berlin/pipedream/src/pipeline/run.go:267.2,267.25 1 0
github.com/Layer9Berlin/pipedream/src/pipeline/run.go:264.45,266.3 1 0
github.com/Layer9Berlin/pipedream/src/pipeline/run.go:270.34,272.2 1 0
github.com/Layer9Berlin/pipedream/src/pipeline/arguments.go:18.24,19.41 1 1
github.com/Layer9Berlin/pipedream/src/pipeline/arguments.go:43.2,43.19 1 1
github.com/Layer9Berlin/pipedream/src/pipeline/arguments.go:19.41,20.68 1 1
github.com/Layer9Berlin/pipedream/src/pipeline/arguments.go:25.3,25.75 1 1
github.com/Layer9Berlin/pipedream/src/pipeline/arguments.go:20.68,24.4 1 1
github.com/Layer9Berlin/pipedream/src/pipeline/arguments.go:25.75,26.28 1 1
github.com/Layer9Berlin/pipedream/src/pipeline/arguments.go:26.28,28.5 1 1
github.com/Layer9Berlin/pipedream/src/pipeline/arguments.go:29.9,29.104 1 1
github.com/Layer9Berlin/pipedream/src/pipeline/arguments.go:29.104,30.35 1 1
github.com/Layer9Berlin/pipedream/src/pipeline/arguments.go:30.35,32.5 1 1
github.com/Layer9Berlin/pipedream/src/pipeline/arguments.go:33.9,33.126 1 1
github.com/Layer9Berlin/pipedream/src/pipeline/arguments.go:33.126,34.41 1 1
github.com/Layer9Berlin/pipedream/src/pipeline/arguments.go:38.4,40.10 1 1
github.com/Layer9Berlin/pipedream/src/pipeline/arguments.go:34.41,36.5 1 1
github.com/Layer9Berlin/pipedream/src/pipeline/arguments.go:50.8,51.32 1 1
github.com/Layer9Berlin/pipedream/src/pipeline/arguments.go:54.2,56.28 3 1
github.com/Layer9Berlin/pipedream/src/pipeline/arguments.go:59.2,66.16 4 1
github.com/Layer9Berlin/pipedream/src/pipeline/arguments.go:70.2,70.13 1 1
github.com/Layer9Berlin/pipedream/src/pipeline/arguments.go:51.32,53.3 1 1
github.com/Layer9Berlin/pipedream/src/pipeline/arguments.go:56.28,58.3 1 1
github.com/Layer9Berlin/pipedream/src/pipeline/arguments.go:66.16,69.3 2 1
github.com/Layer9Berlin/pipedream/src/pipeline/arguments.go:77.8,79.98 2 1
github.com/Layer9Berlin/pipedream/src/pipeline/arguments.go:82.2,82.26 1 1
github.com/Layer9Berlin/pipedream/src/pipeline/arguments.go:79.98,81.3 1 1
github.com/Layer9Berlin/pipedream/src/pipeline/definition.go:19.23,26.2 1 1
github.com/Layer9Berlin/pipedream/src/pipeline/definition.go:28.135,30.38 2 1
github.com/Layer9Berlin/pipedream/src/pipeline/definition.go:33.2,33.38 1 1
github.com/Layer9Berlin/pipedream/src/pipeline/definition.go:41.2,41.15 1 1
github.com/Layer9Berlin/pipedream/src/pipeline/definition.go:30.38,32.3 1 1
github.com/Layer9Berlin/pipedream/src/pipeline/definition.go:33.38,34.55 1 1
github.com/Layer9Berlin/pipedream/src/pipeline/definition.go:34.55,36.4 1 1
github.com/Layer9Berlin/pipedream/src/pipeline/definition.go:36.9,38.4 1 1
github.com/Layer9Berlin/pipedream/src/version/version.go:16.28,26.2 2 1
github.com/Layer9Berlin/pipedream/src/run/run.go:25.43,36.16 6 1
github.com/Layer9Berlin/pipedream/src/run/run.go:41.2,42.16 2 1
github.com/Layer9Berlin/pipedream/src/run/run.go:46.2,48.66 2 1
github.com/Layer9Berlin/pipedream/src/run/run.go:36.16,39.3 2 1
github.com/Layer9Berlin/pipedream/src/run/run.go:42.16,45.3 2 1
github.com/Layer9Berlin/pipedream/src/run/select.go:13.172,14.20 1 1
github.com/Layer9Berlin/pipedream/src/run/select.go:18.2,19.53 2 1
github.com/Layer9Berlin/pipedream/src/run/select.go:22.2,22.29 1 1
github.com/Layer9Berlin/pipedream/src/run/select.go:26.2,27.49 2 1
github.com/Layer9Berlin/pipedream/src/run/select.go:34.2,43.16 2 1
github.com/Layer9Berlin/pipedream/src/run/select.go:47.2,47.72 1 1
github.com/Layer9Berlin/pipedream/src/run/select.go:14.20,16.3 1 0
github.com/Layer9Berlin/pipedream/src/run/select.go:19.53,21.3 1 1
github.com/Layer9Berlin/pipedream/src/run/select.go:22.29,24.3 1 1
github.com/Layer9Berlin/pipedream/src/run/select.go:27.49,29.17 2 1
github.com/Layer9Berlin/pipedream/src/run/select.go:29.17,31.4 1 1
github.com/Layer9Berlin/pipedream/src/run/select.go:43.16,45.3 1 1
github.com/Layer9Berlin/pipedream/src/run/select.go:55.27,57.53 2 1
github.com/Layer9Berlin/pipedream/src/run/select.go:61.2,62.16 2 1
github.com/Layer9Berlin/pipedream/src/run/select.go:65.2,68.54 3 1
github.com/Layer9Berlin/pipedream/src/run/select.go:71.2,73.24 2 1
github.com/Layer9Berlin/pipedream/src/run/select.go:77.2,77.35 1 1
github.com/Layer9Berlin/pipedream/src/run/select.go:81.2,83.61 3 1
github.com/Layer9Berlin/pipedream/src/run/select.go:90.2,99.16 2 1
github.com/Layer9Berlin/pipedream/src/run/select.go:103.2,103.69 1 1
github.com/Layer9Berlin/pipedream/src/run/select.go:57.53,59.3 1 1
github.com/Layer9Berlin/pipedream/src/run/select.go:62.16,64.3 1 1
github.com/Layer9Berlin/pipedream/src/run/select.go:68.54,70.3 1 1
github.com/Layer9Berlin/pipedream/src/run/select.go:73.24,75.3 1 0
github.com/Layer9Berlin/pipedream/src/run/select.go:77.35,79.3 1 1
github.com/Layer9Berlin/pipedream/src/run/select.go:83.61,85.57 2 1
github.com/Layer9Berlin/pipedream/src/run/select.go:85.57,87.4 1 1
github.com/Layer9Berlin/pipedream/src/run/select.go:99.16,101.3 1 1
