mode: set
github.com/Layer9Berlin/pipedream/src/helpers/custom_io/continuous_reader.go:7.54,11.2 1 1
github.com/Layer9Berlin/pipedream/src/helpers/custom_io/continuous_reader.go:17.60,19.19 2 1
github.com/Layer9Berlin/pipedream/src/helpers/custom_io/continuous_reader.go:22.2,22.15 1 1
github.com/Layer9Berlin/pipedream/src/helpers/custom_io/continuous_reader.go:19.19,21.3 1 1
github.com/Layer9Berlin/pipedream/src/helpers/custom_io/duplicate_reader.go:7.90,11.12 4 1
github.com/Layer9Berlin/pipedream/src/helpers/custom_io/duplicate_reader.go:22.2,22.34 1 1
github.com/Layer9Berlin/pipedream/src/helpers/custom_io/duplicate_reader.go:11.12,13.17 2 1
github.com/Layer9Berlin/pipedream/src/helpers/custom_io/duplicate_reader.go:13.17,17.4 3 1
github.com/Layer9Berlin/pipedream/src/helpers/custom_io/duplicate_reader.go:17.9,20.4 2 1
github.com/Layer9Berlin/pipedream/src/helpers/custom_io/bell_skipper.go:9.61,11.2 1 0
github.com/Layer9Berlin/pipedream/src/helpers/custom_io/bell_skipper.go:13.58,15.37 2 0
github.com/Layer9Berlin/pipedream/src/helpers/custom_io/bell_skipper.go:18.2,18.36 1 0
github.com/Layer9Berlin/pipedream/src/helpers/custom_io/bell_skipper.go:15.37,17.3 1 0
github.com/Layer9Berlin/pipedream/src/helpers/custom_io/bell_skipper.go:21.43,23.2 1 0
github.com/Layer9Berlin/pipedream/src/helpers/custom_evaluate/expression_evaluator.go:8.51,10.16 2 1
github.com/Layer9Berlin/pipedream/src/helpers/custom_evaluate/expression_evaluator.go:15.2,16.16 2 1
github.com/Layer9Berlin/pipedream/src/helpers/custom_evaluate/expression_evaluator.go:20.2,21.9 2 1
github.com/Layer9Berlin/pipedream/src/helpers/custom_evaluate/expression_evaluator.go:25.2,25.30 1 1
github.com/Layer9Berlin/pipedream/src/helpers/custom_evaluate/expression_evaluator.go:10.16,12.3 1 1
github.com/Layer9Berlin/pipedream/src/helpers/custom_evaluate/expression_evaluator.go:16.16,18.3 1 1
github.com/Layer9Berlin/pipedream/src/helpers/custom_evaluate/expression_evaluator.go:21.9,23.3 1 1
github.com/Layer9Berlin/pipedream/src/helpers/string_map/map.go:10.44,11.21 1 1
github.com/Layer9Berlin/pipedream/src/helpers/string_map/map.go:14.2,15.51 2 1
github.com/Layer9Berlin/pipedream/src/helpers/string_map/map.go:18.2,18.15 1 1
github.com/Layer9Berlin/pipedream/src/helpers/string_map/map.go:11.21,13.3 1 1
github.com/Layer9Berlin/pipedream/src/helpers/string_map/map.go:15.51,17.3 1 1
github.com/Layer9Berlin/pipedream/src/helpers/string_map/map.go:21.47,22.18 1 1
github.com/Layer9Berlin/pipedream/src/helpers/string_map/map.go:25.2,25.36 1 1
github.com/Layer9Berlin/pipedream/src/helpers/string_map/map.go:22.18,24.3 1 1
github.com/Layer9Berlin/pipedream/src/helpers/string_map/map.go:26.17,28.47 2 1
github.com/Layer9Berlin/pipedream/src/helpers/string_map/map.go:31.3,31.16 1 1
github.com/Layer9Berlin/pipedream/src/helpers/string_map/map.go:32.21,34.39 2 1
github.com/Layer9Berlin/pipedream/src/helpers/string_map/map.go:37.3,37.16 1 1
github.com/Layer9Berlin/pipedream/src/helpers/string_map/map.go:38.35,40.47 2 0
github.com/Layer9Berlin/pipedream/src/helpers/string_map/map.go:43.3,43.16 1 0
github.com/Layer9Berlin/pipedream/src/helpers/string_map/map.go:44.10,45.15 1 1
github.com/Layer9Berlin/pipedream/src/helpers/string_map/map.go:28.47,30.4 1 1
github.com/Layer9Berlin/pipedream/src/helpers/string_map/map.go:34.39,36.4 1 1
github.com/Layer9Berlin/pipedream/src/helpers/string_map/map.go:40.47,42.4 1 0
github.com/Layer9Berlin/pipedream/src/helpers/string_map/map.go:54.64,55.39 1 1
github.com/Layer9Berlin/pipedream/src/helpers/string_map/map.go:58.2,59.51 2 1
github.com/Layer9Berlin/pipedream/src/helpers/string_map/map.go:83.2,83.22 1 1
github.com/Layer9Berlin/pipedream/src/helpers/string_map/map.go:86.2,86.31 1 1
github.com/Layer9Berlin/pipedream/src/helpers/string_map/map.go:55.39,57.3 1 1
github.com/Layer9Berlin/pipedream/src/helpers/string_map/map.go:59.51,61.24 2 1
github.com/Layer9Berlin/pipedream/src/helpers/string_map/map.go:61.24,64.32 3 1
github.com/Layer9Berlin/pipedream/src/helpers/string_map/map.go:64.32,65.33 1 1
github.com/Layer9Berlin/pipedream/src/helpers/string_map/map.go:65.33,67.6 1 1
github.com/Layer9Berlin/pipedream/src/helpers/string_map/map.go:67.11,69.6 1 1
github.com/Layer9Berlin/pipedream/src/helpers/string_map/map.go:70.10,71.33 1 1
github.com/Layer9Berlin/pipedream/src/helpers/string_map/map.go:71.33,73.6 1 1
github.com/Layer9Berlin/pipedream/src/helpers/string_map/map.go:79.9,81.4 1 1
github.com/Layer9Berlin/pipedream/src/helpers/string_map/map.go:83.22,85.3 1 1
github.com/Layer9Berlin/pipedream/src/helpers/string_map/map.go:89.93,92.23 3 1
github.com/Layer9Berlin/pipedream/src/helpers/string_map/map.go:92.23,93.27 1 1
github.com/Layer9Berlin/pipedream/src/helpers/string_map/map.go:93.27,95.4 1 1
github.com/Layer9Berlin/pipedream/src/helpers/string_map/map.go:95.9,97.21 2 1
github.com/Layer9Berlin/pipedream/src/helpers/string_map/map.go:97.21,99.5 1 1
github.com/Layer9Berlin/pipedream/src/helpers/string_map/map.go:99.10,101.5 1 1
github.com/Layer9Berlin/pipedream/src/helpers/string_map/map.go:103.8,105.3 1 1
github.com/Layer9Berlin/pipedream/src/helpers/string_map/map.go:108.97,111.20 3 1
github.com/Layer9Berlin/pipedream/src/helpers/string_map/map.go:115.2,115.26 1 1
github.com/Layer9Berlin/pipedream/src/helpers/string_map/map.go:111.20,114.3 2 1
github.com/Layer9Berlin/pipedream/src/helpers/string_map/map.go:115.26,118.3 2 1
github.com/Layer9Berlin/pipedream/src/helpers/string_map/map.go:118.8,120.20 2 1
github.com/Layer9Berlin/pipedream/src/helpers/string_map/map.go:120.20,122.4 1 1
github.com/Layer9Berlin/pipedream/src/helpers/string_map/map.go:122.9,124.4 1 1
github.com/Layer9Berlin/pipedream/src/helpers/custom_strings/quoter.go:8.56,9.19 1 1
github.com/Layer9Berlin/pipedream/src/helpers/custom_strings/quoter.go:10.16,11.71 1 1
github.com/Layer9Berlin/pipedream/src/helpers/custom_strings/quoter.go:12.14,13.15 1 1
github.com/Layer9Berlin/pipedream/src/helpers/custom_strings/quoter.go:14.10,15.73 1 1
github.com/Layer9Berlin/pipedream/src/helpers/custom_strings/string_formatter.go:9.51,10.22 1 1
github.com/Layer9Berlin/pipedream/src/helpers/custom_strings/string_formatter.go:13.2,15.86 3 1
github.com/Layer9Berlin/pipedream/src/helpers/custom_strings/string_formatter.go:10.22,12.3 1 1
github.com/Layer9Berlin/pipedream/src/helpers/custom_strings/string_formatter.go:18.54,26.2 7 1
github.com/Layer9Berlin/pipedream/src/helpers/custom_math/min_max_int.go:3.31,4.11 1 1
github.com/Layer9Berlin/pipedream/src/helpers/custom_math/min_max_int.go:7.2,7.10 1 1
github.com/Layer9Berlin/pipedream/src/helpers/custom_math/min_max_int.go:4.11,6.3 1 1
github.com/Layer9Berlin/pipedream/src/helpers/custom_math/min_max_int.go:10.31,11.11 1 1
github.com/Layer9Berlin/pipedream/src/helpers/custom_math/min_max_int.go:14.2,14.10 1 1
github.com/Layer9Berlin/pipedream/src/helpers/custom_math/min_max_int.go:11.11,13.3 1 1
github.com/Layer9Berlin/pipedream/src/helpers/custom_filepath/file_helper.go:7.65,8.26 1 1
github.com/Layer9Berlin/pipedream/src/helpers/custom_filepath/file_helper.go:11.2,11.43 1 1
github.com/Layer9Berlin/pipedream/src/helpers/custom_filepath/file_helper.go:8.26,10.3 1 1
github.com/Layer9Berlin/pipedream/src/logging/log_fields/log_fields.go:10.49,11.49 1 1
github.com/Layer9Berlin/pipedream/src/logging/log_fields/log_fields.go:11.49,13.3 1 1
github.com/Layer9Berlin/pipedream/src/logging/log_fields/log_fields.go:16.43,17.49 1 1
github.com/Layer9Berlin/pipedream/src/logging/log_fields/log_fields.go:17.49,19.3 1 1
github.com/Layer9Berlin/pipedream/src/logging/log_fields/log_fields.go:22.42,23.49 1 1
github.com/Layer9Berlin/pipedream/src/logging/log_fields/log_fields.go:23.49,25.3 1 1
github.com/Layer9Berlin/pipedream/src/logging/log_fields/log_fields.go:28.40,29.49 1 1
github.com/Layer9Berlin/pipedream/src/logging/log_fields/log_fields.go:29.49,31.3 1 1
github.com/Layer9Berlin/pipedream/src/logging/log_fields/log_fields.go:34.41,35.49 1 0
github.com/Layer9Berlin/pipedream/src/logging/log_fields/log_fields.go:35.49,37.3 1 0
github.com/Layer9Berlin/pipedream/src/logging/log_fields/log_fields.go:40.55,41.49 1 1
github.com/Layer9Berlin/pipedream/src/logging/log_fields/log_fields.go:41.49,43.3 1 1
github.com/Layer9Berlin/pipedream/src/logging/log_fields/log_fields.go:46.49,47.49 1 1
github.com/Layer9Berlin/pipedream/src/logging/log_fields/log_fields.go:47.49,49.3 1 1
github.com/Layer9Berlin/pipedream/src/logging/log_fields/log_fields.go:52.49,53.49 1 1
github.com/Layer9Berlin/pipedream/src/logging/log_fields/log_fields.go:53.49,55.3 1 1
github.com/Layer9Berlin/pipedream/src/logging/log_fields/log_fields.go:58.73,65.2 1 1
github.com/Layer9Berlin/pipedream/src/logging/log_fields/log_fields.go:67.61,69.35 2 1
github.com/Layer9Berlin/pipedream/src/logging/log_fields/log_fields.go:72.2,72.14 1 1
github.com/Layer9Berlin/pipedream/src/logging/log_fields/log_fields.go:69.35,71.3 1 1
github.com/Layer9Berlin/pipedream/src/middleware/arguments.go:19.24,20.41 1 1
github.com/Layer9Berlin/pipedream/src/middleware/arguments.go:44.2,44.19 1 1
github.com/Layer9Berlin/pipedream/src/middleware/arguments.go:20.41,21.68 1 1
github.com/Layer9Berlin/pipedream/src/middleware/arguments.go:26.3,26.75 1 1
github.com/Layer9Berlin/pipedream/src/middleware/arguments.go:21.68,25.4 1 1
github.com/Layer9Berlin/pipedream/src/middleware/arguments.go:26.75,27.28 1 1
github.com/Layer9Berlin/pipedream/src/middleware/arguments.go:27.28,29.5 1 1
github.com/Layer9Berlin/pipedream/src/middleware/arguments.go:30.9,30.104 1 1
github.com/Layer9Berlin/pipedream/src/middleware/arguments.go:30.104,31.35 1 1
github.com/Layer9Berlin/pipedream/src/middleware/arguments.go:31.35,33.5 1 1
github.com/Layer9Berlin/pipedream/src/middleware/arguments.go:34.9,34.126 1 1
github.com/Layer9Berlin/pipedream/src/middleware/arguments.go:34.126,35.41 1 1
github.com/Layer9Berlin/pipedream/src/middleware/arguments.go:39.4,41.10 1 1
github.com/Layer9Berlin/pipedream/src/middleware/arguments.go:35.41,37.5 1 1
github.com/Layer9Berlin/pipedream/src/middleware/arguments.go:51.8,52.32 1 1
github.com/Layer9Berlin/pipedream/src/middleware/arguments.go:55.2,57.28 3 1
github.com/Layer9Berlin/pipedream/src/middleware/arguments.go:60.2,67.16 4 1
github.com/Layer9Berlin/pipedream/src/middleware/arguments.go:71.2,71.13 1 1
github.com/Layer9Berlin/pipedream/src/middleware/arguments.go:52.32,54.3 1 1
github.com/Layer9Berlin/pipedream/src/middleware/arguments.go:57.28,59.3 1 1
github.com/Layer9Berlin/pipedream/src/middleware/arguments.go:67.16,70.3 2 1
github.com/Layer9Berlin/pipedream/src/middleware/arguments.go:78.8,80.98 2 1
github.com/Layer9Berlin/pipedream/src/middleware/arguments.go:83.2,83.26 1 1
github.com/Layer9Berlin/pipedream/src/middleware/arguments.go:80.98,82.3 1 1
github.com/Layer9Berlin/pipedream/src/middleware/execution_context.go:24.100,25.50 1 0
github.com/Layer9Berlin/pipedream/src/middleware/execution_context.go:25.50,27.3 1 0
github.com/Layer9Berlin/pipedream/src/middleware/execution_context.go:30.97,31.50 1 1
github.com/Layer9Berlin/pipedream/src/middleware/execution_context.go:31.50,33.3 1 1
github.com/Layer9Berlin/pipedream/src/middleware/execution_context.go:36.65,37.50 1 0
github.com/Layer9Berlin/pipedream/src/middleware/execution_context.go:37.50,39.3 1 0
github.com/Layer9Berlin/pipedream/src/middleware/execution_context.go:42.69,43.50 1 0
github.com/Layer9Berlin/pipedream/src/middleware/execution_context.go:43.50,45.3 1 0
github.com/Layer9Berlin/pipedream/src/middleware/execution_context.go:48.96,49.50 1 1
github.com/Layer9Berlin/pipedream/src/middleware/execution_context.go:49.50,51.3 1 1
github.com/Layer9Berlin/pipedream/src/middleware/execution_context.go:54.64,55.50 1 1
github.com/Layer9Berlin/pipedream/src/middleware/execution_context.go:55.50,57.3 1 1
github.com/Layer9Berlin/pipedream/src/middleware/execution_context.go:60.63,61.50 1 0
github.com/Layer9Berlin/pipedream/src/middleware/execution_context.go:61.50,63.3 1 0
github.com/Layer9Berlin/pipedream/src/middleware/execution_context.go:73.48,74.50 1 0
github.com/Layer9Berlin/pipedream/src/middleware/execution_context.go:74.50,76.3 1 0
github.com/Layer9Berlin/pipedream/src/middleware/execution_context.go:117.79,123.69 2 1
github.com/Layer9Berlin/pipedream/src/middleware/execution_context.go:126.2,126.33 1 1
github.com/Layer9Berlin/pipedream/src/middleware/execution_context.go:129.2,129.25 1 1
github.com/Layer9Berlin/pipedream/src/middleware/execution_context.go:123.69,125.3 1 1
github.com/Layer9Berlin/pipedream/src/middleware/execution_context.go:126.33,128.3 1 1
github.com/Layer9Berlin/pipedream/src/middleware/execution_context.go:132.61,134.44 2 1
github.com/Layer9Berlin/pipedream/src/middleware/execution_context.go:137.2,137.25 1 1
github.com/Layer9Berlin/pipedream/src/middleware/execution_context.go:134.44,136.3 1 1
github.com/Layer9Berlin/pipedream/src/middleware/execution_context.go:151.55,152.39 1 1
github.com/Layer9Berlin/pipedream/src/middleware/execution_context.go:152.39,154.3 1 1
github.com/Layer9Berlin/pipedream/src/middleware/execution_context.go:157.65,158.39 1 0
github.com/Layer9Berlin/pipedream/src/middleware/execution_context.go:158.39,160.3 1 0
github.com/Layer9Berlin/pipedream/src/middleware/execution_context.go:163.60,164.39 1 0
github.com/Layer9Berlin/pipedream/src/middleware/execution_context.go:164.39,166.3 1 0
github.com/Layer9Berlin/pipedream/src/middleware/execution_context.go:169.68,170.39 1 1
github.com/Layer9Berlin/pipedream/src/middleware/execution_context.go:170.39,172.3 1 1
github.com/Layer9Berlin/pipedream/src/middleware/execution_context.go:175.73,176.39 1 1
github.com/Layer9Berlin/pipedream/src/middleware/execution_context.go:176.39,178.3 1 1
github.com/Layer9Berlin/pipedream/src/middleware/execution_context.go:181.77,182.39 1 0
github.com/Layer9Berlin/pipedream/src/middleware/execution_context.go:182.39,184.3 1 0
github.com/Layer9Berlin/pipedream/src/middleware/execution_context.go:187.97,189.33 2 1
github.com/Layer9Berlin/pipedream/src/middleware/execution_context.go:192.2,193.42 2 1
github.com/Layer9Berlin/pipedream/src/middleware/execution_context.go:198.2,199.16 2 1
github.com/Layer9Berlin/pipedream/src/middleware/execution_context.go:202.2,202.42 1 1
github.com/Layer9Berlin/pipedream/src/middleware/execution_context.go:205.2,205.33 1 1
github.com/Layer9Berlin/pipedream/src/middleware/execution_context.go:240.2,246.68 2 1
github.com/Layer9Berlin/pipedream/src/middleware/execution_context.go:249.2,250.47 2 1
github.com/Layer9Berlin/pipedream/src/middleware/execution_context.go:253.2,253.35 1 1
github.com/Layer9Berlin/pipedream/src/middleware/execution_context.go:256.2,257.36 2 1
github.com/Layer9Berlin/pipedream/src/middleware/execution_context.go:261.2,264.12 3 1
github.com/Layer9Berlin/pipedream/src/middleware/execution_context.go:274.2,275.12 2 1
github.com/Layer9Berlin/pipedream/src/middleware/execution_context.go:288.2,289.12 2 1
github.com/Layer9Berlin/pipedream/src/middleware/execution_context.go:302.2,303.12 2 1
github.com/Layer9Berlin/pipedream/src/middleware/execution_context.go:189.33,191.3 1 1
github.com/Layer9Berlin/pipedream/src/middleware/execution_context.go:193.42,194.146 1 1
github.com/Layer9Berlin/pipedream/src/middleware/execution_context.go:194.146,196.4 1 1
github.com/Layer9Berlin/pipedream/src/middleware/execution_context.go:199.16,200.62 1 1
github.com/Layer9Berlin/pipedream/src/middleware/execution_context.go:202.42,204.3 1 0
github.com/Layer9Berlin/pipedream/src/middleware/execution_context.go:205.33,206.34 1 1
github.com/Layer9Berlin/pipedream/src/middleware/execution_context.go:206.34,214.4 2 0
github.com/Layer9Berlin/pipedream/src/middleware/execution_context.go:215.8,216.43 1 0
github.com/Layer9Berlin/pipedream/src/middleware/execution_context.go:216.43,226.14 3 0
github.com/Layer9Berlin/pipedream/src/middleware/execution_context.go:226.14,231.5 4 0
github.com/Layer9Berlin/pipedream/src/middleware/execution_context.go:232.9,233.14 1 0
github.com/Layer9Berlin/pipedream/src/middleware/execution_context.go:233.14,237.5 3 0
github.com/Layer9Berlin/pipedream/src/middleware/execution_context.go:246.68,248.3 1 1
github.com/Layer9Berlin/pipedream/src/middleware/execution_context.go:250.47,252.3 1 1
github.com/Layer9Berlin/pipedream/src/middleware/execution_context.go:253.35,255.3 1 1
github.com/Layer9Berlin/pipedream/src/middleware/execution_context.go:257.36,259.3 1 0
github.com/Layer9Berlin/pipedream/src/middleware/execution_context.go:264.12,268.22 2 1
github.com/Layer9Berlin/pipedream/src/middleware/execution_context.go:272.3,272.33 1 1
github.com/Layer9Berlin/pipedream/src/middleware/execution_context.go:268.22,270.4 1 0
github.com/Layer9Berlin/pipedream/src/middleware/execution_context.go:275.12,278.21 3 1
github.com/Layer9Berlin/pipedream/src/middleware/execution_context.go:286.3,286.33 1 1
github.com/Layer9Berlin/pipedream/src/middleware/execution_context.go:278.21,285.4 1 0
github.com/Layer9Berlin/pipedream/src/middleware/execution_context.go:289.12,292.22 3 1
github.com/Layer9Berlin/pipedream/src/middleware/execution_context.go:300.3,300.33 1 1
github.com/Layer9Berlin/pipedream/src/middleware/execution_context.go:292.22,299.4 1 0
github.com/Layer9Berlin/pipedream/src/middleware/execution_context.go:306.105,307.54 1 1
github.com/Layer9Berlin/pipedream/src/middleware/execution_context.go:312.2,312.42 1 1
github.com/Layer9Berlin/pipedream/src/middleware/execution_context.go:307.54,308.28 1 1
github.com/Layer9Berlin/pipedream/src/middleware/execution_context.go:308.28,310.4 1 1
github.com/Layer9Berlin/pipedream/src/middleware/execution_context.go:315.158,317.9 2 1
github.com/Layer9Berlin/pipedream/src/middleware/execution_context.go:323.2,325.41 3 1
github.com/Layer9Berlin/pipedream/src/middleware/execution_context.go:336.2,336.29 1 1
github.com/Layer9Berlin/pipedream/src/middleware/execution_context.go:341.2,341.19 1 1
github.com/Layer9Berlin/pipedream/src/middleware/execution_context.go:317.9,319.3 1 1
github.com/Layer9Berlin/pipedream/src/middleware/execution_context.go:325.41,328.64 2 1
github.com/Layer9Berlin/pipedream/src/middleware/execution_context.go:328.64,330.4 1 1
github.com/Layer9Berlin/pipedream/src/middleware/execution_context.go:330.9,330.58 1 1
github.com/Layer9Berlin/pipedream/src/middleware/execution_context.go:330.58,332.4 1 1
github.com/Layer9Berlin/pipedream/src/middleware/execution_context.go:332.9,332.60 1 1
github.com/Layer9Berlin/pipedream/src/middleware/execution_context.go:332.60,334.4 1 1
github.com/Layer9Berlin/pipedream/src/middleware/execution_context.go:336.29,338.3 1 1
github.com/Layer9Berlin/pipedream/src/middleware/execution_context.go:338.8,338.37 1 1
github.com/Layer9Berlin/pipedream/src/middleware/execution_context.go:338.37,340.3 1 1
github.com/Layer9Berlin/pipedream/src/middleware/execution_context.go:347.3,348.58 1 1
github.com/Layer9Berlin/pipedream/src/middleware/execution_context.go:348.58,350.65 2 1
github.com/Layer9Berlin/pipedream/src/middleware/execution_context.go:350.65,352.4 1 1
github.com/Layer9Berlin/pipedream/src/middleware/execution_context.go:356.96,361.28 4 1
github.com/Layer9Berlin/pipedream/src/middleware/execution_context.go:367.2,372.47 5 1
github.com/Layer9Berlin/pipedream/src/middleware/execution_context.go:361.28,363.17 2 0
github.com/Layer9Berlin/pipedream/src/middleware/execution_context.go:363.17,365.4 1 0
github.com/Layer9Berlin/pipedream/src/middleware/execution_context.go:375.79,379.16 3 1
github.com/Layer9Berlin/pipedream/src/middleware/execution_context.go:383.2,384.16 2 1
github.com/Layer9Berlin/pipedream/src/middleware/execution_context.go:388.2,389.16 2 1
github.com/Layer9Berlin/pipedream/src/middleware/execution_context.go:393.2,394.16 2 1
github.com/Layer9Berlin/pipedream/src/middleware/execution_context.go:397.2,400.16 3 1
github.com/Layer9Berlin/pipedream/src/middleware/execution_context.go:404.2,409.12 5 1
github.com/Layer9Berlin/pipedream/src/middleware/execution_context.go:379.16,381.3 1 1
github.com/Layer9Berlin/pipedream/src/middleware/execution_context.go:384.16,386.3 1 1
github.com/Layer9Berlin/pipedream/src/middleware/execution_context.go:389.16,391.3 1 1
github.com/Layer9Berlin/pipedream/src/middleware/execution_context.go:394.16,396.3 1 1
github.com/Layer9Berlin/pipedream/src/middleware/execution_context.go:400.16,402.3 1 1
github.com/Layer9Berlin/pipedream/src/middleware/execution_context.go:419.24,429.2 2 0
github.com/Layer9Berlin/pipedream/src/middleware/execution_context.go:431.41,434.12 3 1
github.com/Layer9Berlin/pipedream/src/middleware/execution_context.go:434.12,440.3 5 1
github.com/Layer9Berlin/pipedream/src/middleware/execution_context.go:443.58,445.44 2 0
github.com/Layer9Berlin/pipedream/src/middleware/execution_context.go:450.2,450.25 1 0
github.com/Layer9Berlin/pipedream/src/middleware/execution_context.go:445.44,446.23 1 0
github.com/Layer9Berlin/pipedream/src/middleware/execution_context.go:446.23,448.4 1 0
github.com/Layer9Berlin/pipedream/src/middleware/output.go:12.74,13.47 1 1
github.com/Layer9Berlin/pipedream/src/middleware/output.go:13.47,15.3 1 1
github.com/Layer9Berlin/pipedream/src/middleware/output.go:18.55,19.47 1 1
github.com/Layer9Berlin/pipedream/src/middleware/output.go:19.47,21.3 1 1
github.com/Layer9Berlin/pipedream/src/middleware/output.go:24.65,26.47 2 1
github.com/Layer9Berlin/pipedream/src/middleware/output.go:26.47,29.3 2 1
github.com/Layer9Berlin/pipedream/src/middleware/output.go:29.8,31.3 1 1
github.com/Layer9Berlin/pipedream/src/middleware/output.go:34.60,35.34 1 1
github.com/Layer9Berlin/pipedream/src/middleware/output.go:35.34,37.25 2 1
github.com/Layer9Berlin/pipedream/src/middleware/output.go:37.25,40.4 2 1
github.com/Layer9Berlin/pipedream/src/middleware/output.go:44.63,45.39 1 1
github.com/Layer9Berlin/pipedream/src/middleware/output.go:45.39,48.37 3 1
github.com/Layer9Berlin/pipedream/src/middleware/output.go:51.3,51.65 1 1
github.com/Layer9Berlin/pipedream/src/middleware/output.go:48.37,50.4 1 1
github.com/Layer9Berlin/pipedream/src/middleware/catch/catch.go:15.42,17.2 1 1
github.com/Layer9Berlin/pipedream/src/middleware/catch/catch.go:19.43,21.2 1 1
github.com/Layer9Berlin/pipedream/src/middleware/catch/catch.go:27.3,31.21 3 1
github.com/Layer9Berlin/pipedream/src/middleware/catch/catch.go:31.21,37.63 4 1
github.com/Layer9Berlin/pipedream/src/middleware/catch/catch.go:43.3,51.13 5 1
github.com/Layer9Berlin/pipedream/src/middleware/catch/catch.go:37.63,40.9 3 1
github.com/Layer9Berlin/pipedream/src/middleware/catch/catch.go:51.13,56.25 3 1
github.com/Layer9Berlin/pipedream/src/middleware/catch/catch.go:56.25,61.66 1 1
github.com/Layer9Berlin/pipedream/src/middleware/catch/catch.go:61.66,66.7 2 1
github.com/Layer9Berlin/pipedream/src/middleware/catch/catch.go:67.69,76.17 5 1
github.com/Layer9Berlin/pipedream/src/middleware/catch/catch.go:76.17,81.8 3 1
github.com/Layer9Berlin/pipedream/src/middleware/catch/catch.go:83.10,87.5 2 1
github.com/Layer9Berlin/pipedream/src/middleware/catch/catch.go:89.8,91.3 1 1
github.com/Layer9Berlin/pipedream/src/middleware/catch_each/catch_each.go:16.46,18.2 1 1
github.com/Layer9Berlin/pipedream/src/middleware/catch_each/catch_each.go:20.51,22.2 1 1
github.com/Layer9Berlin/pipedream/src/middleware/catch_each/catch_each.go:28.3,32.20 3 1
github.com/Layer9Berlin/pipedream/src/middleware/catch_each/catch_each.go:32.20,46.13 7 1
github.com/Layer9Berlin/pipedream/src/middleware/catch_each/catch_each.go:46.13,48.23 2 1
github.com/Layer9Berlin/pipedream/src/middleware/catch_each/catch_each.go:74.4,74.14 1 1
github.com/Layer9Berlin/pipedream/src/middleware/catch_each/catch_each.go:48.23,53.66 2 1
github.com/Layer9Berlin/pipedream/src/middleware/catch_each/catch_each.go:53.66,58.7 2 1
github.com/Layer9Berlin/pipedream/src/middleware/catch_each/catch_each.go:59.69,68.17 5 1
github.com/Layer9Berlin/pipedream/src/middleware/catch_each/catch_each.go:68.17,71.8 2 1
github.com/Layer9Berlin/pipedream/src/middleware/catch_each/catch_each.go:74.14,79.5 3 1
github.com/Layer9Berlin/pipedream/src/middleware/catch_each/catch_each.go:81.8,83.3 1 1
github.com/Layer9Berlin/pipedream/src/middleware/dir/dir.go:16.40,18.2 1 1
github.com/Layer9Berlin/pipedream/src/middleware/dir/dir.go:20.39,26.2 2 1
github.com/Layer9Berlin/pipedream/src/middleware/dir/dir.go:32.3,36.23 3 1
github.com/Layer9Berlin/pipedream/src/middleware/dir/dir.go:45.2,48.62 2 1
github.com/Layer9Berlin/pipedream/src/middleware/dir/dir.go:36.23,43.3 2 1
github.com/Layer9Berlin/pipedream/src/middleware/dir/dir.go:51.100,53.21 2 1
github.com/Layer9Berlin/pipedream/src/middleware/dir/dir.go:53.21,55.17 2 1
github.com/Layer9Berlin/pipedream/src/middleware/dir/dir.go:55.17,57.4 1 1
github.com/Layer9Berlin/pipedream/src/middleware/docker/docker.go:14.43,16.2 1 1
github.com/Layer9Berlin/pipedream/src/middleware/docker/docker.go:18.45,20.2 1 1
github.com/Layer9Berlin/pipedream/src/middleware/docker/docker.go:26.3,32.30 3 1
github.com/Layer9Berlin/pipedream/src/middleware/docker/docker.go:42.2,42.11 1 1
github.com/Layer9Berlin/pipedream/src/middleware/docker/docker.go:32.30,40.3 2 1
github.com/Layer9Berlin/pipedream/src/middleware/docker/docker.go:45.65,49.16 3 1
github.com/Layer9Berlin/pipedream/src/middleware/docker/docker.go:49.16,51.28 2 1
github.com/Layer9Berlin/pipedream/src/middleware/docker/docker.go:51.28,54.4 2 1
github.com/Layer9Berlin/pipedream/src/middleware/each/each.go:15.41,17.2 1 1
github.com/Layer9Berlin/pipedream/src/middleware/each/each.go:19.41,21.2 1 1
github.com/Layer9Berlin/pipedream/src/middleware/each/each.go:27.3,32.18 4 1
github.com/Layer9Berlin/pipedream/src/middleware/each/each.go:82.2,82.11 1 1
github.com/Layer9Berlin/pipedream/src/middleware/each/each.go:32.18,35.44 3 1
github.com/Layer9Berlin/pipedream/src/middleware/each/each.go:42.3,43.47 2 1
github.com/Layer9Berlin/pipedream/src/middleware/each/each.go:50.3,56.56 2 1
github.com/Layer9Berlin/pipedream/src/middleware/each/each.go:35.44,36.70 1 1
github.com/Layer9Berlin/pipedream/src/middleware/each/each.go:36.70,39.5 2 1
github.com/Layer9Berlin/pipedream/src/middleware/each/each.go:43.47,44.25 1 1
github.com/Layer9Berlin/pipedream/src/middleware/each/each.go:44.25,46.5 1 1
github.com/Layer9Berlin/pipedream/src/middleware/each/each.go:46.10,48.5 1 1
github.com/Layer9Berlin/pipedream/src/middleware/each/each.go:56.56,63.65 3 1
github.com/Layer9Berlin/pipedream/src/middleware/each/each.go:63.65,68.6 2 1
github.com/Layer9Berlin/pipedream/src/middleware/each/each.go:69.68,78.6 4 1
github.com/Layer9Berlin/pipedream/src/logging/nested_activity_indicator.go:24.90,37.2 6 1
github.com/Layer9Berlin/pipedream/src/logging/nested_activity_indicator.go:39.112,40.75 1 1
github.com/Layer9Berlin/pipedream/src/logging/nested_activity_indicator.go:43.2,52.3 1 1
github.com/Layer9Berlin/pipedream/src/logging/nested_activity_indicator.go:40.75,42.3 1 1
github.com/Layer9Berlin/pipedream/src/logging/nested_activity_indicator.go:55.116,56.32 1 1
github.com/Layer9Berlin/pipedream/src/logging/nested_activity_indicator.go:59.2,66.12 4 1
github.com/Layer9Berlin/pipedream/src/logging/nested_activity_indicator.go:56.32,58.3 1 1
github.com/Layer9Berlin/pipedream/src/logging/nested_activity_indicator.go:66.12,70.3 3 1
github.com/Layer9Berlin/pipedream/src/logging/nested_activity_indicator.go:73.61,75.2 1 1
github.com/Layer9Berlin/pipedream/src/logging/nested_activity_indicator.go:77.58,82.2 4 1
github.com/Layer9Berlin/pipedream/src/logging/nested_activity_indicator.go:84.60,86.45 2 1
github.com/Layer9Berlin/pipedream/src/logging/nested_activity_indicator.go:86.45,88.3 1 1
github.com/Layer9Berlin/pipedream/src/logging/nested_activity_indicator.go:91.76,92.43 1 1
github.com/Layer9Berlin/pipedream/src/logging/nested_activity_indicator.go:92.43,94.3 1 1
github.com/Layer9Berlin/pipedream/src/logging/nested_activity_indicator.go:97.66,99.2 1 0
github.com/Layer9Berlin/pipedream/src/logging/setup.go:8.75,10.21 2 1
github.com/Layer9Berlin/pipedream/src/logging/setup.go:13.2,14.16 2 1
github.com/Layer9Berlin/pipedream/src/logging/setup.go:17.2,22.18 4 1
github.com/Layer9Berlin/pipedream/src/logging/setup.go:33.2,35.12 3 1
github.com/Layer9Berlin/pipedream/src/logging/setup.go:10.21,12.3 1 1
github.com/Layer9Berlin/pipedream/src/logging/setup.go:14.16,16.3 1 1
github.com/Layer9Berlin/pipedream/src/logging/setup.go:23.25,24.39 1 1
github.com/Layer9Berlin/pipedream/src/logging/setup.go:25.24,26.39 1 1
github.com/Layer9Berlin/pipedream/src/logging/setup.go:27.24,28.38 1 1
github.com/Layer9Berlin/pipedream/src/logging/setup.go:29.25,30.38 1 1
github.com/Layer9Berlin/pipedream/src/logging/setup.go:31.10,31.10 0 1
github.com/Layer9Berlin/pipedream/src/logging/simple_activity_indicator.go:22.108,34.2 5 0
github.com/Layer9Berlin/pipedream/src/logging/simple_activity_indicator.go:36.116,37.32 1 0
github.com/Layer9Berlin/pipedream/src/logging/simple_activity_indicator.go:40.2,40.132 1 0
github.com/Layer9Berlin/pipedream/src/logging/simple_activity_indicator.go:37.32,39.3 1 0
github.com/Layer9Berlin/pipedream/src/logging/simple_activity_indicator.go:43.61,45.2 1 0
github.com/Layer9Berlin/pipedream/src/logging/simple_activity_indicator.go:47.58,52.2 4 0
github.com/Layer9Berlin/pipedream/src/logging/simple_activity_indicator.go:54.60,56.2 1 0
github.com/Layer9Berlin/pipedream/src/logging/simple_activity_indicator.go:58.76,59.43 1 0
github.com/Layer9Berlin/pipedream/src/logging/simple_activity_indicator.go:59.43,61.3 1 0
github.com/Layer9Berlin/pipedream/src/logging/simple_activity_indicator.go:64.66,66.2 1 0
github.com/Layer9Berlin/pipedream/src/logging/bar_activity_indicator.go:21.102,36.2 6 0
github.com/Layer9Berlin/pipedream/src/logging/bar_activity_indicator.go:38.103,39.32 1 0
github.com/Layer9Berlin/pipedream/src/logging/bar_activity_indicator.go:42.2,42.34 1 0
github.com/Layer9Berlin/pipedream/src/logging/bar_activity_indicator.go:47.2,48.12 2 0
github.com/Layer9Berlin/pipedream/src/logging/bar_activity_indicator.go:39.32,41.3 1 0
github.com/Layer9Berlin/pipedream/src/logging/bar_activity_indicator.go:42.34,44.3 1 0
github.com/Layer9Berlin/pipedream/src/logging/bar_activity_indicator.go:44.8,46.3 1 0
github.com/Layer9Berlin/pipedream/src/logging/bar_activity_indicator.go:48.12,52.3 3 0
github.com/Layer9Berlin/pipedream/src/logging/bar_activity_indicator.go:55.58,57.2 1 0
github.com/Layer9Berlin/pipedream/src/logging/bar_activity_indicator.go:59.55,64.2 4 0
github.com/Layer9Berlin/pipedream/src/logging/bar_activity_indicator.go:66.57,69.2 2 0
github.com/Layer9Berlin/pipedream/src/logging/bar_activity_indicator.go:71.73,72.43 1 0
github.com/Layer9Berlin/pipedream/src/logging/bar_activity_indicator.go:72.43,74.3 1 0
github.com/Layer9Berlin/pipedream/src/logging/bar_activity_indicator.go:77.63,79.2 1 0
github.com/Layer9Berlin/pipedream/src/logging/log_counter.go:10.74,15.2 1 1
github.com/Layer9Berlin/pipedream/src/logging/log_counter.go:18.61,21.2 2 1
github.com/Layer9Berlin/pipedream/src/logging/log_counter.go:23.59,25.2 1 1
github.com/Layer9Berlin/pipedream/src/logging/logger.go:20.78,21.49 1 1
github.com/Layer9Berlin/pipedream/src/logging/logger.go:28.2,29.9 2 1
github.com/Layer9Berlin/pipedream/src/logging/logger.go:33.2,41.28 2 1
github.com/Layer9Berlin/pipedream/src/logging/logger.go:21.49,22.48 1 1
github.com/Layer9Berlin/pipedream/src/logging/logger.go:22.48,25.4 2 1
github.com/Layer9Berlin/pipedream/src/logging/logger.go:29.9,31.3 1 1
github.com/Layer9Berlin/pipedream/src/logging/logger.go:44.69,46.25 2 1
github.com/Layer9Berlin/pipedream/src/logging/logger.go:66.2,66.21 1 1
github.com/Layer9Berlin/pipedream/src/logging/logger.go:78.2,78.28 1 1
github.com/Layer9Berlin/pipedream/src/logging/logger.go:46.25,47.24 1 1
github.com/Layer9Berlin/pipedream/src/logging/logger.go:48.14,49.42 1 1
github.com/Layer9Berlin/pipedream/src/logging/logger.go:50.17,51.45 1 1
github.com/Layer9Berlin/pipedream/src/logging/logger.go:52.15,53.43 1 1
github.com/Layer9Berlin/pipedream/src/logging/logger.go:54.15,55.43 1 1
github.com/Layer9Berlin/pipedream/src/logging/logger.go:56.16,57.44 1 1
github.com/Layer9Berlin/pipedream/src/logging/logger.go:58.33,59.47 1 1
github.com/Layer9Berlin/pipedream/src/logging/logger.go:60.23,61.47 1 1
github.com/Layer9Berlin/pipedream/src/logging/logger.go:62.16,63.44 1 0
github.com/Layer9Berlin/pipedream/src/logging/logger.go:67.25,68.41 1 1
github.com/Layer9Berlin/pipedream/src/logging/logger.go:69.24,70.44 1 1
github.com/Layer9Berlin/pipedream/src/logging/logger.go:71.24,72.42 1 1
github.com/Layer9Berlin/pipedream/src/logging/logger.go:73.25,74.46 1 1
github.com/Layer9Berlin/pipedream/src/logging/logger.go:75.25,76.46 1 1
github.com/Layer9Berlin/pipedream/src/logging/logger.go:81.59,83.8 2 1
github.com/Layer9Berlin/pipedream/src/logging/logger.go:90.2,90.11 1 1
github.com/Layer9Berlin/pipedream/src/logging/logger.go:83.8,85.39 2 1
github.com/Layer9Berlin/pipedream/src/logging/logger.go:88.3,88.40 1 1
github.com/Layer9Berlin/pipedream/src/logging/logger.go:85.39,87.4 1 0
github.com/Layer9Berlin/pipedream/src/logging/logger.go:93.64,95.27 2 1
github.com/Layer9Berlin/pipedream/src/logging/logger.go:105.2,105.36 1 1
github.com/Layer9Berlin/pipedream/src/logging/logger.go:95.27,97.9 2 1
github.com/Layer9Berlin/pipedream/src/logging/logger.go:97.9,99.40 2 1
github.com/Layer9Berlin/pipedream/src/logging/logger.go:102.4,102.59 1 1
github.com/Layer9Berlin/pipedream/src/logging/logger.go:99.40,101.5 1 1
github.com/Layer9Berlin/pipedream/src/logging/logger.go:109.58,111.8 2 1
github.com/Layer9Berlin/pipedream/src/logging/logger.go:114.2,115.8 2 1
github.com/Layer9Berlin/pipedream/src/logging/logger.go:118.2,119.17 2 1
github.com/Layer9Berlin/pipedream/src/logging/logger.go:122.2,122.45 1 1
github.com/Layer9Berlin/pipedream/src/logging/logger.go:111.8,113.3 1 1
github.com/Layer9Berlin/pipedream/src/logging/logger.go:115.8,117.3 1 1
github.com/Layer9Berlin/pipedream/src/logging/logger.go:119.17,121.3 1 1
github.com/Layer9Berlin/pipedream/src/logging/logger.go:125.68,126.40 1 1
github.com/Layer9Berlin/pipedream/src/logging/logger.go:129.2,129.67 1 1
github.com/Layer9Berlin/pipedream/src/logging/logger.go:126.40,128.3 1 1
github.com/Layer9Berlin/pipedream/src/logging/logger.go:132.78,133.25 1 1
github.com/Layer9Berlin/pipedream/src/logging/logger.go:153.2,153.11 1 1
github.com/Layer9Berlin/pipedream/src/logging/logger.go:133.25,135.29 2 1
github.com/Layer9Berlin/pipedream/src/logging/logger.go:138.3,140.28 3 1
github.com/Layer9Berlin/pipedream/src/logging/logger.go:150.3,151.16 2 1
github.com/Layer9Berlin/pipedream/src/logging/logger.go:135.29,137.4 1 1
github.com/Layer9Berlin/pipedream/src/logging/logger.go:140.28,142.10 2 1
github.com/Layer9Berlin/pipedream/src/logging/logger.go:142.10,143.24 1 1
github.com/Layer9Berlin/pipedream/src/logging/logger.go:146.5,147.134 2 1
github.com/Layer9Berlin/pipedream/src/logging/logger.go:143.24,145.6 1 1
github.com/Layer9Berlin/pipedream/src/logging/logger.go:156.64,159.36 3 1
github.com/Layer9Berlin/pipedream/src/logging/logger.go:162.2,162.22 1 1
github.com/Layer9Berlin/pipedream/src/logging/logger.go:159.36,161.3 1 1
github.com/Layer9Berlin/pipedream/src/middleware/env/env.go:23.52,25.2 1 1
github.com/Layer9Berlin/pipedream/src/middleware/env/env.go:27.39,29.2 1 1
github.com/Layer9Berlin/pipedream/src/middleware/env/env.go:34.17,39.2 1 1
github.com/Layer9Berlin/pipedream/src/middleware/env/env.go:45.3,54.31 5 1
github.com/Layer9Berlin/pipedream/src/middleware/env/env.go:68.2,68.41 1 1
github.com/Layer9Berlin/pipedream/src/middleware/env/env.go:86.2,88.27 2 1
github.com/Layer9Berlin/pipedream/src/middleware/env/env.go:55.14,57.42 2 1
github.com/Layer9Berlin/pipedream/src/middleware/env/env.go:58.14,58.14 0 1
github.com/Layer9Berlin/pipedream/src/middleware/env/env.go:59.10,61.65 2 1
github.com/Layer9Berlin/pipedream/src/middleware/env/env.go:66.3,66.33 1 1
github.com/Layer9Berlin/pipedream/src/middleware/env/env.go:61.65,62.101 1 1
github.com/Layer9Berlin/pipedream/src/middleware/env/env.go:62.101,64.5 1 1
github.com/Layer9Berlin/pipedream/src/middleware/env/env.go:69.9,69.9 0 1
github.com/Layer9Berlin/pipedream/src/middleware/env/env.go:70.9,76.4 1 1
github.com/Layer9Berlin/pipedream/src/middleware/env/env.go:77.10,83.4 1 1
github.com/Layer9Berlin/pipedream/src/middleware/env/env.go:88.27,94.13 3 1
github.com/Layer9Berlin/pipedream/src/middleware/env/env.go:100.3,105.4 1 1
github.com/Layer9Berlin/pipedream/src/middleware/env/env.go:94.13,99.4 4 1
github.com/Layer9Berlin/pipedream/src/middleware/env/env.go:114.65,119.2 1 1
github.com/Layer9Berlin/pipedream/src/middleware/env/env.go:121.73,123.21 2 1
github.com/Layer9Berlin/pipedream/src/middleware/env/env.go:126.2,126.15 1 1
github.com/Layer9Berlin/pipedream/src/middleware/env/env.go:123.21,125.3 1 1
github.com/Layer9Berlin/pipedream/src/middleware/inherit/inherit.go:13.44,15.2 1 1
github.com/Layer9Berlin/pipedream/src/middleware/inherit/inherit.go:17.47,19.2 1 1
github.com/Layer9Berlin/pipedream/src/middleware/inherit/inherit.go:25.3,29.23 3 1
github.com/Layer9Berlin/pipedream/src/middleware/inherit/inherit.go:51.2,51.11 1 1
github.com/Layer9Berlin/pipedream/src/middleware/inherit/inherit.go:29.23,33.47 4 1
github.com/Layer9Berlin/pipedream/src/middleware/inherit/inherit.go:42.3,42.29 1 1
github.com/Layer9Berlin/pipedream/src/middleware/inherit/inherit.go:33.47,36.45 3 1
github.com/Layer9Berlin/pipedream/src/middleware/inherit/inherit.go:36.45,40.5 3 1
github.com/Layer9Berlin/pipedream/src/middleware/inherit/inherit.go:42.29,49.4 1 1
github.com/Layer9Berlin/pipedream/src/middleware/interpolate/interpolate.go:28.68,30.2 1 1
github.com/Layer9Berlin/pipedream/src/middleware/interpolate/interpolate.go:32.55,34.2 1 1
github.com/Layer9Berlin/pipedream/src/middleware/interpolate/interpolate.go:40.3,49.22 3 1
github.com/Layer9Berlin/pipedream/src/middleware/interpolate/interpolate.go:167.2,167.11 1 1
github.com/Layer9Berlin/pipedream/src/middleware/interpolate/interpolate.go:49.22,55.37 4 1
github.com/Layer9Berlin/pipedream/src/middleware/interpolate/interpolate.go:127.3,128.42 2 1
github.com/Layer9Berlin/pipedream/src/middleware/interpolate/interpolate.go:55.37,59.67 1 1
github.com/Layer9Berlin/pipedream/src/middleware/interpolate/interpolate.go:75.4,90.14 8 1
github.com/Layer9Berlin/pipedream/src/middleware/interpolate/interpolate.go:124.4,124.10 1 1
github.com/Layer9Berlin/pipedream/src/middleware/interpolate/interpolate.go:59.67,60.34 1 1
github.com/Layer9Berlin/pipedream/src/middleware/interpolate/interpolate.go:60.34,67.6 1 1
github.com/Layer9Berlin/pipedream/src/middleware/interpolate/interpolate.go:68.10,74.5 1 1
github.com/Layer9Berlin/pipedream/src/middleware/interpolate/interpolate.go:90.14,99.66 4 1
github.com/Layer9Berlin/pipedream/src/middleware/interpolate/interpolate.go:99.66,106.7 4 1
github.com/Layer9Berlin/pipedream/src/middleware/interpolate/interpolate.go:107.69,116.17 5 1
github.com/Layer9Berlin/pipedream/src/middleware/interpolate/interpolate.go:116.17,121.8 3 1
github.com/Layer9Berlin/pipedream/src/middleware/interpolate/interpolate.go:128.42,141.65 5 1
github.com/Layer9Berlin/pipedream/src/middleware/interpolate/interpolate.go:163.4,163.10 1 1
github.com/Layer9Berlin/pipedream/src/middleware/interpolate/interpolate.go:141.65,146.6 2 1
github.com/Layer9Berlin/pipedream/src/middleware/interpolate/interpolate.go:147.68,156.16 5 1
github.com/Layer9Berlin/pipedream/src/middleware/interpolate/interpolate.go:156.16,161.7 3 1
github.com/Layer9Berlin/pipedream/src/middleware/interpolate/interpolate.go:184.17,195.2 2 1
github.com/Layer9Berlin/pipedream/src/middleware/interpolate/interpolate.go:200.17,202.2 1 1
github.com/Layer9Berlin/pipedream/src/middleware/interpolate/interpolate.go:204.73,213.21 3 1
github.com/Layer9Berlin/pipedream/src/middleware/interpolate/interpolate.go:226.2,226.15 1 1
github.com/Layer9Berlin/pipedream/src/middleware/interpolate/interpolate.go:213.21,216.17 3 1
github.com/Layer9Berlin/pipedream/src/middleware/interpolate/interpolate.go:220.3,220.59 1 1
github.com/Layer9Berlin/pipedream/src/middleware/interpolate/interpolate.go:223.3,223.54 1 1
github.com/Layer9Berlin/pipedream/src/middleware/interpolate/interpolate.go:216.17,218.9 2 1
github.com/Layer9Berlin/pipedream/src/middleware/interpolate/interpolate.go:220.59,221.9 1 1
github.com/Layer9Berlin/pipedream/src/middleware/interpolate/interpolate.go:229.73,230.36 1 1
github.com/Layer9Berlin/pipedream/src/middleware/interpolate/interpolate.go:238.2,238.14 1 1
github.com/Layer9Berlin/pipedream/src/middleware/interpolate/interpolate.go:230.36,232.40 2 1
github.com/Layer9Berlin/pipedream/src/middleware/interpolate/interpolate.go:232.40,236.4 3 1
github.com/Layer9Berlin/pipedream/src/middleware/interpolate/interpolate.go:241.86,247.32 3 1
github.com/Layer9Berlin/pipedream/src/middleware/interpolate/interpolate.go:261.2,263.32 3 1
github.com/Layer9Berlin/pipedream/src/middleware/interpolate/interpolate.go:302.2,302.19 1 1
github.com/Layer9Berlin/pipedream/src/middleware/interpolate/interpolate.go:247.32,252.38 4 1
github.com/Layer9Berlin/pipedream/src/middleware/interpolate/interpolate.go:257.3,258.59 2 1
github.com/Layer9Berlin/pipedream/src/middleware/interpolate/interpolate.go:252.38,254.4 1 1
github.com/Layer9Berlin/pipedream/src/middleware/interpolate/interpolate.go:254.9,256.4 1 1
github.com/Layer9Berlin/pipedream/src/middleware/interpolate/interpolate.go:263.32,266.45 3 1
github.com/Layer9Berlin/pipedream/src/middleware/interpolate/interpolate.go:266.45,267.22 1 1
github.com/Layer9Berlin/pipedream/src/middleware/interpolate/interpolate.go:267.22,271.5 1 1
github.com/Layer9Berlin/pipedream/src/middleware/interpolate/interpolate.go:271.10,276.5 2 1
github.com/Layer9Berlin/pipedream/src/middleware/interpolate/interpolate.go:277.9,278.50 1 1
github.com/Layer9Berlin/pipedream/src/middleware/interpolate/interpolate.go:279.16,281.66 2 1
github.com/Layer9Berlin/pipedream/src/middleware/interpolate/interpolate.go:282.23,284.50 2 1
github.com/Layer9Berlin/pipedream/src/middleware/interpolate/interpolate.go:290.5,292.67 3 1
github.com/Layer9Berlin/pipedream/src/middleware/interpolate/interpolate.go:293.13,296.67 3 1
github.com/Layer9Berlin/pipedream/src/middleware/interpolate/interpolate.go:297.12,298.102 1 1
github.com/Layer9Berlin/pipedream/src/middleware/interpolate/interpolate.go:284.50,286.12 2 1
github.com/Layer9Berlin/pipedream/src/middleware/interpolate/interpolate.go:286.12,288.7 1 1
github.com/Layer9Berlin/pipedream/src/middleware/interpolate/interpolate.go:305.118,306.65 1 1
github.com/Layer9Berlin/pipedream/src/middleware/interpolate/interpolate.go:306.65,307.55 1 1
github.com/Layer9Berlin/pipedream/src/middleware/interpolate/interpolate.go:307.55,314.4 1 1
github.com/Layer9Berlin/pipedream/src/middleware/interpolate/interpolate.go:315.8,316.42 1 1
github.com/Layer9Berlin/pipedream/src/middleware/interpolate/interpolate.go:317.10,317.10 0 1
github.com/Layer9Berlin/pipedream/src/middleware/interpolate/interpolate.go:318.10,324.5 1 1
github.com/Layer9Berlin/pipedream/src/middleware/interpolate/interpolate.go:325.11,331.5 1 1
github.com/Layer9Berlin/pipedream/src/middleware/interpolate/interpolate.go:336.84,337.32 1 1
github.com/Layer9Berlin/pipedream/src/middleware/interpolate/interpolate.go:338.13,339.86 1 0
github.com/Layer9Berlin/pipedream/src/middleware/interpolate/interpolate.go:340.16,341.52 1 0
github.com/Layer9Berlin/pipedream/src/middleware/interpolate/interpolate.go:342.16,343.51 1 0
github.com/Layer9Berlin/pipedream/src/middleware/interpolate/interpolate.go:344.10,345.17 1 1
github.com/Layer9Berlin/pipedream/src/middleware/middleware_stack/middleware_stack.go:24.48,44.2 1 1
github.com/Layer9Berlin/pipedream/src/middleware/pipe/pipe.go:15.54,17.2 1 1
github.com/Layer9Berlin/pipedream/src/middleware/pipe/pipe.go:19.41,21.2 1 1
github.com/Layer9Berlin/pipedream/src/middleware/pipe/pipe.go:27.3,32.18 4 1
github.com/Layer9Berlin/pipedream/src/middleware/pipe/pipe.go:109.2,109.11 1 1
github.com/Layer9Berlin/pipedream/src/middleware/pipe/pipe.go:32.18,35.44 3 1
github.com/Layer9Berlin/pipedream/src/middleware/pipe/pipe.go:42.3,43.52 2 1
github.com/Layer9Berlin/pipedream/src/middleware/pipe/pipe.go:51.3,51.20 1 1
github.com/Layer9Berlin/pipedream/src/middleware/pipe/pipe.go:73.3,74.56 2 1
github.com/Layer9Berlin/pipedream/src/middleware/pipe/pipe.go:103.3,106.39 2 1
github.com/Layer9Berlin/pipedream/src/middleware/pipe/pipe.go:35.44,36.70 1 1
github.com/Layer9Berlin/pipedream/src/middleware/pipe/pipe.go:36.70,39.5 2 1
github.com/Layer9Berlin/pipedream/src/middleware/pipe/pipe.go:43.52,44.30 1 1
github.com/Layer9Berlin/pipedream/src/middleware/pipe/pipe.go:44.30,46.5 1 1
github.com/Layer9Berlin/pipedream/src/middleware/pipe/pipe.go:46.10,48.5 1 1
github.com/Layer9Berlin/pipedream/src/middleware/pipe/pipe.go:52.10,59.10 3 1
github.com/Layer9Berlin/pipedream/src/middleware/pipe/pipe.go:60.10,65.5 1 1
github.com/Layer9Berlin/pipedream/src/middleware/pipe/pipe.go:66.11,71.5 1 1
github.com/Layer9Berlin/pipedream/src/middleware/pipe/pipe.go:74.56,81.65 3 1
github.com/Layer9Berlin/pipedream/src/middleware/pipe/pipe.go:81.65,82.20 1 1
github.com/Layer9Berlin/pipedream/src/middleware/pipe/pipe.go:82.20,87.7 2 1
github.com/Layer9Berlin/pipedream/src/middleware/pipe/pipe.go:87.12,92.7 2 1
github.com/Layer9Berlin/pipedream/src/middleware/pipe/pipe.go:94.68,101.6 2 1
github.com/Layer9Berlin/pipedream/src/middleware/save/save.go:16.54,18.2 1 1
github.com/Layer9Berlin/pipedream/src/middleware/save/save.go:20.41,22.2 1 1
github.com/Layer9Berlin/pipedream/src/middleware/save/save.go:24.94,28.2 1 1
github.com/Layer9Berlin/pipedream/src/middleware/save/save.go:34.3,40.23 4 1
github.com/Layer9Berlin/pipedream/src/middleware/save/save.go:40.23,48.13 3 1
github.com/Layer9Berlin/pipedream/src/middleware/save/save.go:48.13,58.4 4 1
github.com/Layer9Berlin/pipedream/src/middleware/shell/shell.go:26.56,28.2 1 1
github.com/Layer9Berlin/pipedream/src/middleware/shell/shell.go:30.43,31.70 1 1
github.com/Layer9Berlin/pipedream/src/middleware/shell/shell.go:31.70,31.108 1 1
github.com/Layer9Berlin/pipedream/src/middleware/shell/shell.go:34.100,41.2 1 1
github.com/Layer9Berlin/pipedream/src/middleware/shell/shell.go:54.61,63.2 1 1
github.com/Layer9Berlin/pipedream/src/middleware/shell/shell.go:69.3,73.26 3 1
github.com/Layer9Berlin/pipedream/src/middleware/shell/shell.go:73.26,75.3 1 1
github.com/Layer9Berlin/pipedream/src/middleware/shell/shell.go:75.8,77.17 2 1
github.com/Layer9Berlin/pipedream/src/middleware/shell/shell.go:89.3,89.27 1 1
github.com/Layer9Berlin/pipedream/src/middleware/shell/shell.go:96.3,101.22 4 1
github.com/Layer9Berlin/pipedream/src/middleware/shell/shell.go:104.3,110.28 5 1
github.com/Layer9Berlin/pipedream/src/middleware/shell/shell.go:145.3,151.13 2 1
github.com/Layer9Berlin/pipedream/src/middleware/shell/shell.go:156.3,156.34 1 1
github.com/Layer9Berlin/pipedream/src/middleware/shell/shell.go:165.3,165.54 1 1
github.com/Layer9Berlin/pipedream/src/middleware/shell/shell.go:172.3,173.13 2 1
github.com/Layer9Berlin/pipedream/src/middleware/shell/shell.go:77.17,83.4 2 1
github.com/Layer9Berlin/pipedream/src/middleware/shell/shell.go:83.9,84.38 1 1
github.com/Layer9Berlin/pipedream/src/middleware/shell/shell.go:84.38,86.5 1 1
github.com/Layer9Berlin/pipedream/src/middleware/shell/shell.go:89.27,91.4 1 1
github.com/Layer9Berlin/pipedream/src/middleware/shell/shell.go:101.22,103.4 1 1
github.com/Layer9Berlin/pipedream/src/middleware/shell/shell.go:110.28,117.14 3 0
github.com/Layer9Berlin/pipedream/src/middleware/shell/shell.go:120.4,120.14 1 0
github.com/Layer9Berlin/pipedream/src/middleware/shell/shell.go:128.4,136.57 6 0
github.com/Layer9Berlin/pipedream/src/middleware/shell/shell.go:117.14,119.5 1 0
github.com/Layer9Berlin/pipedream/src/middleware/shell/shell.go:120.14,124.5 2 0
github.com/Layer9Berlin/pipedream/src/middleware/shell/shell.go:137.9,138.24 1 1
github.com/Layer9Berlin/pipedream/src/middleware/shell/shell.go:141.4,142.46 2 1
github.com/Layer9Berlin/pipedream/src/middleware/shell/shell.go:138.24,140.5 1 1
github.com/Layer9Berlin/pipedream/src/middleware/shell/shell.go:151.13,154.4 2 1
github.com/Layer9Berlin/pipedream/src/middleware/shell/shell.go:156.34,163.4 2 1
github.com/Layer9Berlin/pipedream/src/middleware/shell/shell.go:165.54,166.14 1 1
github.com/Layer9Berlin/pipedream/src/middleware/shell/shell.go:166.14,169.5 2 1
github.com/Layer9Berlin/pipedream/src/middleware/shell/shell.go:173.13,178.18 5 1
github.com/Layer9Berlin/pipedream/src/middleware/shell/shell.go:190.4,190.34 1 1
github.com/Layer9Berlin/pipedream/src/middleware/shell/shell.go:178.18,179.49 1 1
github.com/Layer9Berlin/pipedream/src/middleware/shell/shell.go:179.49,183.6 3 1
github.com/Layer9Berlin/pipedream/src/middleware/shell/shell.go:183.11,185.6 1 1
github.com/Layer9Berlin/pipedream/src/middleware/shell/shell.go:186.10,189.5 2 1
github.com/Layer9Berlin/pipedream/src/middleware/shell/shell.go:195.86,197.50 2 1
github.com/Layer9Berlin/pipedream/src/middleware/shell/shell.go:207.2,207.33 1 1
github.com/Layer9Berlin/pipedream/src/middleware/shell/shell.go:197.50,198.47 1 1
github.com/Layer9Berlin/pipedream/src/middleware/shell/shell.go:199.15,200.68 1 1
github.com/Layer9Berlin/pipedream/src/middleware/shell/shell.go:201.31,202.117 1 1
github.com/Layer9Berlin/pipedream/src/middleware/shell/shell.go:203.11,204.146 1 1
github.com/Layer9Berlin/pipedream/src/middleware/shell/shell.go:210.88,212.49 2 1
github.com/Layer9Berlin/pipedream/src/middleware/shell/shell.go:234.2,235.22 2 1
github.com/Layer9Berlin/pipedream/src/middleware/shell/shell.go:212.49,213.100 1 1
github.com/Layer9Berlin/pipedream/src/middleware/shell/shell.go:213.100,214.43 1 1
github.com/Layer9Berlin/pipedream/src/middleware/shell/shell.go:214.43,216.5 1 1
github.com/Layer9Berlin/pipedream/src/middleware/shell/shell.go:216.10,216.36 1 1
github.com/Layer9Berlin/pipedream/src/middleware/shell/shell.go:216.36,218.5 1 1
github.com/Layer9Berlin/pipedream/src/middleware/shell/shell.go:218.10,220.5 1 1
github.com/Layer9Berlin/pipedream/src/middleware/shell/shell.go:221.9,221.99 1 1
github.com/Layer9Berlin/pipedream/src/middleware/shell/shell.go:221.99,222.27 1 1
github.com/Layer9Berlin/pipedream/src/middleware/shell/shell.go:222.27,223.44 1 1
github.com/Layer9Berlin/pipedream/src/middleware/shell/shell.go:223.44,225.6 1 1
github.com/Layer9Berlin/pipedream/src/middleware/shell/shell.go:225.11,225.37 1 1
github.com/Layer9Berlin/pipedream/src/middleware/shell/shell.go:225.37,227.6 1 1
github.com/Layer9Berlin/pipedream/src/middleware/shell/shell.go:227.11,229.6 1 1
github.com/Layer9Berlin/pipedream/src/middleware/shell/shell.go:255.58,260.2 1 1
github.com/Layer9Berlin/pipedream/src/middleware/shell/shell.go:262.74,265.2 2 1
github.com/Layer9Berlin/pipedream/src/middleware/shell/shell.go:267.55,269.2 1 1
github.com/Layer9Berlin/pipedream/src/middleware/shell/shell.go:271.67,274.2 2 1
github.com/Layer9Berlin/pipedream/src/middleware/shell/shell.go:276.63,279.2 2 1
github.com/Layer9Berlin/pipedream/src/middleware/shell/shell.go:281.63,284.2 2 1
github.com/Layer9Berlin/pipedream/src/middleware/shell/shell.go:286.54,288.2 1 1
github.com/Layer9Berlin/pipedream/src/middleware/shell/shell.go:290.54,291.37 1 1
github.com/Layer9Berlin/pipedream/src/middleware/shell/shell.go:294.2,294.40 1 0
github.com/Layer9Berlin/pipedream/src/middleware/shell/shell.go:291.37,293.3 1 1
github.com/Layer9Berlin/pipedream/src/middleware/shell/shell.go:297.57,299.2 1 1
github.com/Layer9Berlin/pipedream/src/middleware/sync/sync.go:17.54,19.2 1 0
github.com/Layer9Berlin/pipedream/src/middleware/sync/sync.go:21.41,25.2 1 0
github.com/Layer9Berlin/pipedream/src/middleware/sync/sync.go:36.3,40.28 3 0
github.com/Layer9Berlin/pipedream/src/middleware/sync/sync.go:59.2,59.30 1 0
github.com/Layer9Berlin/pipedream/src/middleware/sync/sync.go:80.2,80.11 1 0
github.com/Layer9Berlin/pipedream/src/middleware/sync/sync.go:40.28,41.54 1 0
github.com/Layer9Berlin/pipedream/src/middleware/sync/sync.go:41.54,42.55 1 0
github.com/Layer9Berlin/pipedream/src/middleware/sync/sync.go:42.55,43.89 1 0
github.com/Layer9Berlin/pipedream/src/middleware/sync/sync.go:43.89,50.16 3 0
github.com/Layer9Berlin/pipedream/src/middleware/sync/sync.go:50.16,53.7 2 0
github.com/Layer9Berlin/pipedream/src/middleware/sync/sync.go:59.30,60.44 1 0
github.com/Layer9Berlin/pipedream/src/middleware/sync/sync.go:60.44,68.14 4 0
github.com/Layer9Berlin/pipedream/src/middleware/sync/sync.go:68.14,69.9 1 0
github.com/Layer9Berlin/pipedream/src/middleware/sync/sync.go:75.5,75.30 1 0
github.com/Layer9Berlin/pipedream/src/middleware/sync/sync.go:69.9,70.55 1 0
github.com/Layer9Berlin/pipedream/src/middleware/sync/sync.go:73.6,73.21 1 0
github.com/Layer9Berlin/pipedream/src/middleware/sync/sync.go:70.55,71.12 1 0
github.com/Layer9Berlin/pipedream/src/middleware/ssh/ssh.go:14.52,16.2 1 1
github.com/Layer9Berlin/pipedream/src/middleware/ssh/ssh.go:18.39,20.2 1 1
github.com/Layer9Berlin/pipedream/src/middleware/ssh/ssh.go:26.3,32.27 3 1
github.com/Layer9Berlin/pipedream/src/middleware/ssh/ssh.go:41.2,41.11 1 1
github.com/Layer9Berlin/pipedream/src/middleware/ssh/ssh.go:32.27,39.3 2 1
github.com/Layer9Berlin/pipedream/src/middleware/ssh/ssh.go:44.65,48.16 3 1
github.com/Layer9Berlin/pipedream/src/middleware/ssh/ssh.go:48.16,50.26 2 1
github.com/Layer9Berlin/pipedream/src/middleware/ssh/ssh.go:50.26,53.4 2 1
github.com/Layer9Berlin/pipedream/src/middleware/timer/timer.go:18.46,20.2 1 1
github.com/Layer9Berlin/pipedream/src/middleware/timer/timer.go:22.71,24.2 1 1
github.com/Layer9Berlin/pipedream/src/middleware/timer/timer.go:34.56,36.2 1 1
github.com/Layer9Berlin/pipedream/src/middleware/timer/timer.go:38.43,40.2 1 1
github.com/Layer9Berlin/pipedream/src/middleware/timer/timer.go:42.80,46.2 1 1
github.com/Layer9Berlin/pipedream/src/middleware/timer/timer.go:52.3,58.22 3 1
github.com/Layer9Berlin/pipedream/src/middleware/timer/timer.go:58.22,73.3 5 1
github.com/Layer9Berlin/pipedream/src/middleware/timer/timer.go:73.8,75.3 1 1
github.com/Layer9Berlin/pipedream/src/middleware/when/when.go:15.54,17.2 1 1
github.com/Layer9Berlin/pipedream/src/middleware/when/when.go:19.41,21.2 1 1
github.com/Layer9Berlin/pipedream/src/middleware/when/when.go:27.3,31.20 3 1
github.com/Layer9Berlin/pipedream/src/middleware/when/when.go:36.2,37.16 2 1
github.com/Layer9Berlin/pipedream/src/middleware/when/when.go:42.2,42.19 1 1
github.com/Layer9Berlin/pipedream/src/middleware/when/when.go:31.20,34.3 2 1
github.com/Layer9Berlin/pipedream/src/middleware/when/when.go:37.16,40.3 2 1
github.com/Layer9Berlin/pipedream/src/middleware/when/when.go:42.19,50.3 2 1
github.com/Layer9Berlin/pipedream/src/middleware/when/when.go:50.8,61.3 2 1
github.com/Layer9Berlin/pipedream/src/middleware/with/with.go:17.54,19.2 1 1
github.com/Layer9Berlin/pipedream/src/middleware/with/with.go:21.41,23.2 1 1
github.com/Layer9Berlin/pipedream/src/middleware/with/with.go:33.3,41.28 4 1
github.com/Layer9Berlin/pipedream/src/middleware/with/with.go:41.28,50.17 3 1
github.com/Layer9Berlin/pipedream/src/middleware/with/with.go:55.3,74.13 8 1
github.com/Layer9Berlin/pipedream/src/middleware/with/with.go:50.17,53.4 2 1
github.com/Layer9Berlin/pipedream/src/middleware/with/with.go:74.13,80.34 6 1
github.com/Layer9Berlin/pipedream/src/middleware/with/with.go:112.4,112.14 1 1
github.com/Layer9Berlin/pipedream/src/middleware/with/with.go:80.34,86.66 2 1
github.com/Layer9Berlin/pipedream/src/middleware/with/with.go:86.66,93.7 2 1
github.com/Layer9Berlin/pipedream/src/middleware/with/with.go:94.69,102.17 3 1
github.com/Layer9Berlin/pipedream/src/middleware/with/with.go:102.17,109.8 6 1
github.com/Layer9Berlin/pipedream/src/middleware/with/with.go:112.14,118.5 5 1
github.com/Layer9Berlin/pipedream/src/models/data_stream_intercept.go:13.137,19.2 1 1
github.com/Layer9Berlin/pipedream/src/models/data_stream_intercept.go:21.77,23.2 1 1
github.com/Layer9Berlin/pipedream/src/models/data_stream_intercept.go:25.78,27.2 1 1
github.com/Layer9Berlin/pipedream/src/models/data_stream_intercept.go:29.63,31.2 1 1
github.com/Layer9Berlin/pipedream/src/models/data_stream_processing.go:11.62,12.19 1 0
github.com/Layer9Berlin/pipedream/src/models/data_stream_processing.go:12.19,14.3 1 0
github.com/Layer9Berlin/pipedream/src/models/data_stream_processing.go:14.8,18.3 3 0
github.com/Layer9Berlin/pipedream/src/models/data_stream_processing.go:21.54,22.19 1 1
github.com/Layer9Berlin/pipedream/src/models/data_stream_processing.go:22.19,25.3 2 1
github.com/Layer9Berlin/pipedream/src/models/data_stream_processing.go:25.8,29.3 3 1
github.com/Layer9Berlin/pipedream/src/models/data_stream_processing.go:32.68,33.19 1 1
github.com/Layer9Berlin/pipedream/src/models/data_stream_processing.go:33.19,36.3 2 1
github.com/Layer9Berlin/pipedream/src/models/data_stream_processing.go:36.8,41.3 4 1
github.com/Layer9Berlin/pipedream/src/models/data_stream_processing.go:44.68,45.19 1 1
github.com/Layer9Berlin/pipedream/src/models/data_stream_processing.go:45.19,47.3 1 1
github.com/Layer9Berlin/pipedream/src/models/data_stream_processing.go:47.8,49.13 2 1
github.com/Layer9Berlin/pipedream/src/models/data_stream_processing.go:49.13,52.18 3 1
github.com/Layer9Berlin/pipedream/src/models/data_stream_processing.go:55.4,55.25 1 1
github.com/Layer9Berlin/pipedream/src/models/data_stream_processing.go:52.18,54.5 1 1
github.com/Layer9Berlin/pipedream/src/models/data_stream_processing.go:60.63,61.19 1 1
github.com/Layer9Berlin/pipedream/src/models/data_stream_processing.go:61.19,63.3 1 1
github.com/Layer9Berlin/pipedream/src/models/data_stream_processing.go:63.8,65.13 2 1
github.com/Layer9Berlin/pipedream/src/models/data_stream_processing.go:71.3,71.13 1 1
github.com/Layer9Berlin/pipedream/src/models/data_stream_processing.go:65.13,70.4 1 1
github.com/Layer9Berlin/pipedream/src/models/data_stream_processing.go:71.13,73.18 2 1
github.com/Layer9Berlin/pipedream/src/models/data_stream_processing.go:76.4,76.25 1 1
github.com/Layer9Berlin/pipedream/src/models/data_stream_processing.go:73.18,75.5 1 1
github.com/Layer9Berlin/pipedream/src/models/data_stream_processing.go:81.72,82.19 1 1
github.com/Layer9Berlin/pipedream/src/models/data_stream_processing.go:82.19,84.3 1 1
github.com/Layer9Berlin/pipedream/src/models/data_stream_processing.go:84.8,86.3 1 1
github.com/Layer9Berlin/pipedream/src/models/data_stream_processing.go:89.66,90.19 1 1
github.com/Layer9Berlin/pipedream/src/models/data_stream_processing.go:90.19,93.3 2 1
github.com/Layer9Berlin/pipedream/src/models/data_stream_processing.go:93.8,97.3 3 1
github.com/Layer9Berlin/pipedream/src/models/logger.go:41.81,74.2 13 1
github.com/Layer9Berlin/pipedream/src/models/logger.go:76.84,84.2 2 0
github.com/Layer9Berlin/pipedream/src/models/logger.go:86.88,95.2 2 0
github.com/Layer9Berlin/pipedream/src/models/logger.go:97.42,100.19 3 1
github.com/Layer9Berlin/pipedream/src/models/logger.go:103.2,106.12 2 1
github.com/Layer9Berlin/pipedream/src/models/logger.go:100.19,102.3 1 1
github.com/Layer9Berlin/pipedream/src/models/logger.go:106.12,108.46 2 1
github.com/Layer9Berlin/pipedream/src/models/logger.go:122.3,122.26 1 1
github.com/Layer9Berlin/pipedream/src/models/logger.go:108.46,116.51 3 1
github.com/Layer9Berlin/pipedream/src/models/logger.go:120.4,120.70 1 1
github.com/Layer9Berlin/pipedream/src/models/logger.go:116.51,119.5 1 1
github.com/Layer9Berlin/pipedream/src/models/logger.go:126.48,128.2 1 1
github.com/Layer9Berlin/pipedream/src/models/logger.go:130.41,132.2 1 1
github.com/Layer9Berlin/pipedream/src/models/logger.go:134.51,136.2 1 1
github.com/Layer9Berlin/pipedream/src/models/logger.go:138.51,140.32 2 1
github.com/Layer9Berlin/pipedream/src/models/logger.go:143.2,143.30 1 1
github.com/Layer9Berlin/pipedream/src/models/logger.go:146.2,146.39 1 1
github.com/Layer9Berlin/pipedream/src/models/logger.go:140.32,142.3 1 1
github.com/Layer9Berlin/pipedream/src/models/logger.go:143.30,145.3 1 1
github.com/Layer9Berlin/pipedream/src/models/logger.go:149.63,151.2 1 1
github.com/Layer9Berlin/pipedream/src/models/logger.go:153.55,155.2 1 1
github.com/Layer9Berlin/pipedream/src/models/logger.go:157.67,164.2 3 1
github.com/Layer9Berlin/pipedream/src/models/logger.go:166.71,170.2 3 0
github.com/Layer9Berlin/pipedream/src/models/logger.go:172.59,173.16 1 1
github.com/Layer9Berlin/pipedream/src/models/logger.go:176.2,176.19 1 1
github.com/Layer9Berlin/pipedream/src/models/logger.go:173.16,175.3 1 1
github.com/Layer9Berlin/pipedream/src/models/logger.go:179.94,180.16 1 1
github.com/Layer9Berlin/pipedream/src/models/logger.go:183.2,183.50 1 1
github.com/Layer9Berlin/pipedream/src/models/logger.go:180.16,182.3 1 1
github.com/Layer9Berlin/pipedream/src/models/logger.go:186.99,194.35 5 0
github.com/Layer9Berlin/pipedream/src/models/logger.go:197.2,198.57 2 0
github.com/Layer9Berlin/pipedream/src/models/logger.go:194.35,196.3 1 0
github.com/Layer9Berlin/pipedream/src/models/logger.go:201.87,209.35 5 1
github.com/Layer9Berlin/pipedream/src/models/logger.go:212.2,214.33 3 1
github.com/Layer9Berlin/pipedream/src/models/logger.go:209.35,211.3 1 1
github.com/Layer9Berlin/pipedream/src/models/logger.go:214.33,215.35 1 0
github.com/Layer9Berlin/pipedream/src/models/logger.go:215.35,217.4 1 0
github.com/Layer9Berlin/pipedream/src/models/logger.go:217.9,219.4 1 0
github.com/Layer9Berlin/pipedream/src/models/logger.go:223.85,229.2 5 1
github.com/Layer9Berlin/pipedream/src/models/logger.go:231.60,235.2 3 1
github.com/Layer9Berlin/pipedream/src/models/logger.go:237.60,241.2 3 1
github.com/Layer9Berlin/pipedream/src/models/logger.go:243.85,249.2 5 1
github.com/Layer9Berlin/pipedream/src/models/logger.go:251.61,255.2 3 1
github.com/Layer9Berlin/pipedream/src/models/logger.go:257.86,263.2 5 1
github.com/Layer9Berlin/pipedream/src/models/logger.go:265.61,269.2 3 1
github.com/Layer9Berlin/pipedream/src/models/logger.go:271.86,277.2 5 1
github.com/Layer9Berlin/pipedream/src/models/logger.go:279.51,281.2 1 1
github.com/Layer9Berlin/pipedream/src/models/logger.go:283.51,285.2 1 1
github.com/Layer9Berlin/pipedream/src/models/logger.go:286.50,288.2 1 1
github.com/Layer9Berlin/pipedream/src/models/logger.go:289.50,291.2 1 1
github.com/Layer9Berlin/pipedream/src/models/logger.go:293.51,295.2 1 1
github.com/Layer9Berlin/pipedream/src/models/logger.go:297.49,300.2 2 1
github.com/Layer9Berlin/pipedream/src/models/logger.go:302.50,305.2 2 1
github.com/Layer9Berlin/pipedream/src/models/logger.go:307.52,308.54 1 1
github.com/Layer9Berlin/pipedream/src/models/logger.go:311.2,311.61 1 1
github.com/Layer9Berlin/pipedream/src/models/logger.go:308.54,310.3 1 1
github.com/Layer9Berlin/pipedream/src/models/logger.go:314.62,316.52 2 1
github.com/Layer9Berlin/pipedream/src/models/logger.go:319.2,319.15 1 1
github.com/Layer9Berlin/pipedream/src/models/logger.go:316.52,318.3 1 1
github.com/Layer9Berlin/pipedream/src/models/logger.go:322.53,324.12 2 1
github.com/Layer9Berlin/pipedream/src/models/logger.go:335.2,335.19 1 1
github.com/Layer9Berlin/pipedream/src/models/logger.go:324.12,327.17 3 1
github.com/Layer9Berlin/pipedream/src/models/logger.go:330.3,331.17 2 1
github.com/Layer9Berlin/pipedream/src/models/logger.go:327.17,328.14 1 0
github.com/Layer9Berlin/pipedream/src/models/logger.go:331.17,332.14 1 0
github.com/Layer9Berlin/pipedream/src/models/pipeline_definition.go:18.23,25.2 1 1
github.com/Layer9Berlin/pipedream/src/models/pipeline_definition.go:27.135,29.38 2 1
github.com/Layer9Berlin/pipedream/src/models/pipeline_definition.go:32.2,32.38 1 1
github.com/Layer9Berlin/pipedream/src/models/pipeline_definition.go:40.2,40.15 1 1
github.com/Layer9Berlin/pipedream/src/models/pipeline_definition.go:29.38,31.3 1 1
github.com/Layer9Berlin/pipedream/src/models/pipeline_definition.go:32.38,33.55 1 1
github.com/Layer9Berlin/pipedream/src/models/pipeline_definition.go:33.55,35.4 1 1
github.com/Layer9Berlin/pipedream/src/models/pipeline_definition.go:35.9,37.4 1 1
github.com/Layer9Berlin/pipedream/src/models/pipeline_run.go:71.25,73.23 2 1
github.com/Layer9Berlin/pipedream/src/models/pipeline_run.go:80.2,104.19 2 1
github.com/Layer9Berlin/pipedream/src/models/pipeline_run.go:111.2,111.35 1 1
github.com/Layer9Berlin/pipedream/src/models/pipeline_run.go:114.2,118.17 4 1
github.com/Layer9Berlin/pipedream/src/models/pipeline_run.go:73.23,75.17 2 1
github.com/Layer9Berlin/pipedream/src/models/pipeline_run.go:75.17,77.4 1 1
github.com/Layer9Berlin/pipedream/src/models/pipeline_run.go:104.19,106.3 1 1
github.com/Layer9Berlin/pipedream/src/models/pipeline_run.go:106.8,109.3 2 1
github.com/Layer9Berlin/pipedream/src/models/pipeline_run.go:111.35,113.3 1 0
github.com/Layer9Berlin/pipedream/src/models/pipeline_run.go:121.33,124.16 3 1
github.com/Layer9Berlin/pipedream/src/models/pipeline_run.go:127.2,140.12 7 1
github.com/Layer9Berlin/pipedream/src/models/pipeline_run.go:124.16,126.3 1 1
github.com/Layer9Berlin/pipedream/src/models/pipeline_run.go:140.12,163.3 9 1
github.com/Layer9Berlin/pipedream/src/models/pipeline_run.go:166.32,173.2 5 1
github.com/Layer9Berlin/pipedream/src/models/pipeline_run.go:175.42,177.2 1 1
github.com/Layer9Berlin/pipedream/src/models/pipeline_run.go:179.41,183.16 4 1
github.com/Layer9Berlin/pipedream/src/models/pipeline_run.go:188.2,188.59 1 1
github.com/Layer9Berlin/pipedream/src/models/pipeline_run.go:192.2,192.32 1 1
github.com/Layer9Berlin/pipedream/src/models/pipeline_run.go:196.2,197.19 2 1
github.com/Layer9Berlin/pipedream/src/models/pipeline_run.go:212.2,212.39 1 1
github.com/Layer9Berlin/pipedream/src/models/pipeline_run.go:183.16,184.92 1 1
github.com/Layer9Berlin/pipedream/src/models/pipeline_run.go:184.92,186.4 1 1
github.com/Layer9Berlin/pipedream/src/models/pipeline_run.go:188.59,191.3 2 1
github.com/Layer9Berlin/pipedream/src/models/pipeline_run.go:192.32,195.3 2 1
github.com/Layer9Berlin/pipedream/src/models/pipeline_run.go:197.19,198.26 1 1
github.com/Layer9Berlin/pipedream/src/models/pipeline_run.go:201.3,201.27 1 1
github.com/Layer9Berlin/pipedream/src/models/pipeline_run.go:204.3,204.27 1 1
github.com/Layer9Berlin/pipedream/src/models/pipeline_run.go:207.3,208.26 2 1
github.com/Layer9Berlin/pipedream/src/models/pipeline_run.go:198.26,200.4 1 1
github.com/Layer9Berlin/pipedream/src/models/pipeline_run.go:201.27,203.4 1 1
github.com/Layer9Berlin/pipedream/src/models/pipeline_run.go:204.27,206.4 1 1
github.com/Layer9Berlin/pipedream/src/models/pipeline_run.go:208.26,210.4 1 1
github.com/Layer9Berlin/pipedream/src/models/pipeline_run.go:215.64,219.2 3 1
github.com/Layer9Berlin/pipedream/src/models/pipeline_run.go:221.77,225.2 3 1
github.com/Layer9Berlin/pipedream/src/models/pipeline_run.go:227.93,231.16 4 1
github.com/Layer9Berlin/pipedream/src/models/pipeline_run.go:235.2,235.23 1 1
github.com/Layer9Berlin/pipedream/src/models/pipeline_run.go:231.16,233.3 1 1
github.com/Layer9Berlin/pipedream/src/models/pipeline_run.go:235.23,237.3 1 1
github.com/Layer9Berlin/pipedream/src/models/pipeline_run.go:237.8,239.3 1 1
github.com/Layer9Berlin/pipedream/src/models/pipeline_run.go:242.68,246.2 3 1
github.com/Layer9Berlin/pipedream/src/models/pipeline_run.go:248.84,253.2 4 1
github.com/Layer9Berlin/pipedream/src/models/pipeline_run.go:255.64,257.2 1 0
github.com/Layer9Berlin/pipedream/src/models/pipeline_run.go:259.40,262.45 3 0
github.com/Layer9Berlin/pipedream/src/models/pipeline_run.go:265.2,265.25 1 0
github.com/Layer9Berlin/pipedream/src/models/pipeline_run.go:262.45,264.3 1 0
github.com/Layer9Berlin/pipedream/src/models/pipeline_run.go:268.42,270.2 1 0
github.com/Layer9Berlin/pipedream/src/models/data_stream.go:24.91,44.2 4 1
github.com/Layer9Berlin/pipedream/src/models/data_stream.go:46.90,56.2 2 0
github.com/Layer9Berlin/pipedream/src/models/data_stream.go:58.45,61.19 3 1
github.com/Layer9Berlin/pipedream/src/models/data_stream.go:64.2,67.12 2 1
github.com/Layer9Berlin/pipedream/src/models/data_stream.go:74.2,74.12 1 1
github.com/Layer9Berlin/pipedream/src/models/data_stream.go:61.19,63.3 1 1
github.com/Layer9Berlin/pipedream/src/models/data_stream.go:67.12,70.17 2 1
github.com/Layer9Berlin/pipedream/src/models/data_stream.go:70.17,72.4 1 0
github.com/Layer9Berlin/pipedream/src/models/data_stream.go:74.12,77.17 3 1
github.com/Layer9Berlin/pipedream/src/models/data_stream.go:88.3,88.26 1 1
github.com/Layer9Berlin/pipedream/src/models/data_stream.go:77.17,78.46 1 0
github.com/Layer9Berlin/pipedream/src/models/data_stream.go:78.46,79.51 1 0
github.com/Layer9Berlin/pipedream/src/models/data_stream.go:79.52,81.6 0 0
github.com/Layer9Berlin/pipedream/src/models/data_stream.go:81.11,83.6 1 0
github.com/Layer9Berlin/pipedream/src/models/data_stream.go:84.10,86.5 1 0
github.com/Layer9Berlin/pipedream/src/models/data_stream.go:94.51,96.2 1 1
github.com/Layer9Berlin/pipedream/src/models/data_stream.go:98.44,100.2 1 1
github.com/Layer9Berlin/pipedream/src/models/data_stream.go:102.54,104.2 1 1
github.com/Layer9Berlin/pipedream/src/models/data_stream.go:106.53,108.2 1 1
github.com/Layer9Berlin/pipedream/src/models/data_stream.go:110.52,112.2 1 1
github.com/Layer9Berlin/pipedream/src/models/data_stream.go:114.47,116.2 1 1
github.com/Layer9Berlin/pipedream/src/parsers/imports.go:10.121,14.48 3 1
github.com/Layer9Berlin/pipedream/src/parsers/imports.go:32.2,33.34 2 1
github.com/Layer9Berlin/pipedream/src/parsers/imports.go:36.2,36.32 1 1
github.com/Layer9Berlin/pipedream/src/parsers/imports.go:14.48,16.17 2 1
github.com/Layer9Berlin/pipedream/src/parsers/imports.go:19.3,21.17 3 1
github.com/Layer9Berlin/pipedream/src/parsers/imports.go:24.3,24.60 1 1
github.com/Layer9Berlin/pipedream/src/parsers/imports.go:16.17,18.4 1 1
github.com/Layer9Berlin/pipedream/src/parsers/imports.go:21.17,23.4 1 1
github.com/Layer9Berlin/pipedream/src/parsers/imports.go:24.60,26.89 2 1
github.com/Layer9Berlin/pipedream/src/parsers/imports.go:26.89,28.5 1 1
github.com/Layer9Berlin/pipedream/src/parsers/imports.go:33.34,35.3 1 1
github.com/Layer9Berlin/pipedream/src/parsers/parser.go:19.94,20.30 1 1
github.com/Layer9Berlin/pipedream/src/parsers/parser.go:20.30,22.3 1 1
github.com/Layer9Berlin/pipedream/src/parsers/parser.go:25.99,26.30 1 1
github.com/Layer9Berlin/pipedream/src/parsers/parser.go:26.30,28.3 1 1
github.com/Layer9Berlin/pipedream/src/parsers/parser.go:31.121,32.30 1 0
github.com/Layer9Berlin/pipedream/src/parsers/parser.go:32.30,34.3 1 0
github.com/Layer9Berlin/pipedream/src/parsers/parser.go:37.49,42.76 2 1
github.com/Layer9Berlin/pipedream/src/parsers/parser.go:45.2,45.38 1 1
github.com/Layer9Berlin/pipedream/src/parsers/parser.go:48.2,48.15 1 1
github.com/Layer9Berlin/pipedream/src/parsers/parser.go:42.76,44.3 1 1
github.com/Layer9Berlin/pipedream/src/parsers/parser.go:45.38,47.3 1 1
github.com/Layer9Berlin/pipedream/src/parsers/parser.go:56.3,63.60 3 1
github.com/Layer9Berlin/pipedream/src/parsers/parser.go:94.2,94.8 1 1
github.com/Layer9Berlin/pipedream/src/parsers/parser.go:63.60,65.17 2 1
github.com/Layer9Berlin/pipedream/src/parsers/parser.go:69.3,73.17 3 1
github.com/Layer9Berlin/pipedream/src/parsers/parser.go:78.3,80.63 2 1
github.com/Layer9Berlin/pipedream/src/parsers/parser.go:88.3,88.29 1 1
github.com/Layer9Berlin/pipedream/src/parsers/parser.go:92.3,92.38 1 1
github.com/Layer9Berlin/pipedream/src/parsers/parser.go:65.17,68.4 2 1
github.com/Layer9Berlin/pipedream/src/parsers/parser.go:73.17,76.4 2 1
github.com/Layer9Berlin/pipedream/src/parsers/parser.go:80.63,81.69 1 1
github.com/Layer9Berlin/pipedream/src/parsers/parser.go:81.69,83.5 1 1
github.com/Layer9Berlin/pipedream/src/parsers/parser.go:83.10,85.5 1 1
github.com/Layer9Berlin/pipedream/src/parsers/parser.go:88.29,90.4 1 1
github.com/Layer9Berlin/pipedream/src/parsers/parser.go:100.36,103.63 2 1
github.com/Layer9Berlin/pipedream/src/parsers/parser.go:107.2,107.64 1 1
github.com/Layer9Berlin/pipedream/src/parsers/parser.go:115.2,115.28 1 1
github.com/Layer9Berlin/pipedream/src/parsers/parser.go:103.63,106.3 2 1
github.com/Layer9Berlin/pipedream/src/parsers/parser.go:107.64,109.77 2 1
github.com/Layer9Berlin/pipedream/src/parsers/parser.go:109.77,111.4 1 1
github.com/Layer9Berlin/pipedream/src/parsers/parser.go:111.9,113.4 1 1
github.com/Layer9Berlin/pipedream/src/parsers/pipelines.go:11.86,13.16 2 1
github.com/Layer9Berlin/pipedream/src/parsers/pipelines.go:24.2,26.16 3 1
github.com/Layer9Berlin/pipedream/src/parsers/pipelines.go:29.2,29.23 1 1
github.com/Layer9Berlin/pipedream/src/parsers/pipelines.go:32.2,32.21 1 0
github.com/Layer9Berlin/pipedream/src/parsers/pipelines.go:13.16,14.45 1 1
github.com/Layer9Berlin/pipedream/src/parsers/pipelines.go:14.45,15.37 1 1
github.com/Layer9Berlin/pipedream/src/parsers/pipelines.go:15.37,17.5 1 1
github.com/Layer9Berlin/pipedream/src/parsers/pipelines.go:17.10,19.5 1 0
github.com/Layer9Berlin/pipedream/src/parsers/pipelines.go:20.9,22.4 1 0
github.com/Layer9Berlin/pipedream/src/parsers/pipelines.go:26.16,28.3 1 1
github.com/Layer9Berlin/pipedream/src/parsers/pipelines.go:29.23,31.3 1 1
github.com/Layer9Berlin/pipedream/src/parsers/pipelines.go:35.78,37.20 2 1
github.com/Layer9Berlin/pipedream/src/parsers/pipelines.go:51.2,51.31 1 1
github.com/Layer9Berlin/pipedream/src/parsers/pipelines.go:37.20,40.22 3 1
github.com/Layer9Berlin/pipedream/src/parsers/pipelines.go:43.3,43.62 1 1
github.com/Layer9Berlin/pipedream/src/parsers/pipelines.go:40.22,42.4 1 1
github.com/Layer9Berlin/pipedream/src/parsers/pipelines.go:44.8,46.17 2 1
github.com/Layer9Berlin/pipedream/src/parsers/pipelines.go:49.3,49.30 1 1
github.com/Layer9Berlin/pipedream/src/parsers/pipelines.go:46.17,48.4 1 1
github.com/Layer9Berlin/pipedream/src/version/version.go:15.28,25.2 2 1
github.com/Layer9Berlin/pipedream/src/run/run.go:23.43,34.16 6 1
github.com/Layer9Berlin/pipedream/src/run/run.go:39.2,40.16 2 1
github.com/Layer9Berlin/pipedream/src/run/run.go:44.2,46.56 2 1
github.com/Layer9Berlin/pipedream/src/run/run.go:34.16,37.3 2 1
github.com/Layer9Berlin/pipedream/src/run/run.go:40.16,43.3 2 1
github.com/Layer9Berlin/pipedream/src/run/select.go:13.178,14.20 1 1
github.com/Layer9Berlin/pipedream/src/run/select.go:18.2,19.53 2 1
github.com/Layer9Berlin/pipedream/src/run/select.go:22.2,22.29 1 1
github.com/Layer9Berlin/pipedream/src/run/select.go:26.2,27.49 2 1
github.com/Layer9Berlin/pipedream/src/run/select.go:34.2,43.16 2 1
github.com/Layer9Berlin/pipedream/src/run/select.go:47.2,47.72 1 1
github.com/Layer9Berlin/pipedream/src/run/select.go:14.20,16.3 1 0
github.com/Layer9Berlin/pipedream/src/run/select.go:19.53,21.3 1 1
github.com/Layer9Berlin/pipedream/src/run/select.go:22.29,24.3 1 1
github.com/Layer9Berlin/pipedream/src/run/select.go:27.49,29.17 2 1
github.com/Layer9Berlin/pipedream/src/run/select.go:29.17,31.4 1 1
github.com/Layer9Berlin/pipedream/src/run/select.go:43.16,45.3 1 1
github.com/Layer9Berlin/pipedream/src/run/select.go:55.27,57.53 2 1
github.com/Layer9Berlin/pipedream/src/run/select.go:61.2,62.16 2 1
github.com/Layer9Berlin/pipedream/src/run/select.go:65.2,68.54 3 1
github.com/Layer9Berlin/pipedream/src/run/select.go:71.2,73.24 2 1
github.com/Layer9Berlin/pipedream/src/run/select.go:77.2,77.35 1 1
github.com/Layer9Berlin/pipedream/src/run/select.go:81.2,83.61 3 1
github.com/Layer9Berlin/pipedream/src/run/select.go:90.2,99.16 2 1
github.com/Layer9Berlin/pipedream/src/run/select.go:103.2,103.69 1 1
github.com/Layer9Berlin/pipedream/src/run/select.go:57.53,59.3 1 1
github.com/Layer9Berlin/pipedream/src/run/select.go:62.16,64.3 1 1
github.com/Layer9Berlin/pipedream/src/run/select.go:68.54,70.3 1 1
github.com/Layer9Berlin/pipedream/src/run/select.go:73.24,75.3 1 0
github.com/Layer9Berlin/pipedream/src/run/select.go:77.35,79.3 1 1
github.com/Layer9Berlin/pipedream/src/run/select.go:83.61,85.57 2 1
github.com/Layer9Berlin/pipedream/src/run/select.go:85.57,87.4 1 1
github.com/Layer9Berlin/pipedream/src/run/select.go:99.16,101.3 1 1
